2022-11-16 12:24:43.662 +05:30	ERR	CurrencyExchange.API.Controller.LogController	Error in DownloadLog
System.IO.IOException: The process cannot access the file 'C:\shinku personal\Slovakia\WebAPI\CurrencyExchange\Files\Logs\Debug\Debug-20221116.log' because it is being used by another process.
   at Microsoft.Win32.SafeHandles.SafeFileHandle.CreateFile(String fullPath, FileMode mode, FileAccess access, FileShare share, FileOptions options)
   at Microsoft.Win32.SafeHandles.SafeFileHandle.Open(String fullPath, FileMode mode, FileAccess access, FileShare share, FileOptions options, Int64 preallocationSize)
   at System.IO.Strategies.OSFileStreamStrategy..ctor(String path, FileMode mode, FileAccess access, FileShare share, FileOptions options, Int64 preallocationSize)
   at System.IO.Strategies.FileStreamHelpers.ChooseStrategyCore(String path, FileMode mode, FileAccess access, FileShare share, FileOptions options, Int64 preallocationSize)
   at System.IO.Strategies.FileStreamHelpers.ChooseStrategy(FileStream fileStream, String path, FileMode mode, FileAccess access, FileShare share, Int32 bufferSize, FileOptions options, Int64 preallocationSize)
   at System.IO.File.OpenRead(String path)
   at CurrencyExchange.API.Controller.LogController.DownloadLog(String fileName) in C:\shinku personal\Slovakia\WebAPI\CurrencyExchange\Controller\LogController.cs:line 65
2022-11-16 12:29:19.263 +05:30	ERR	CurrencyExchange.API.Controller.LogController	Error in DownloadLog
System.IO.IOException: The process cannot access the file 'C:\shinku personal\Slovakia\WebAPI\CurrencyExchange\Files\Logs\Error\Error-20221116.log' because it is being used by another process.
   at Microsoft.Win32.SafeHandles.SafeFileHandle.CreateFile(String fullPath, FileMode mode, FileAccess access, FileShare share, FileOptions options)
   at Microsoft.Win32.SafeHandles.SafeFileHandle.Open(String fullPath, FileMode mode, FileAccess access, FileShare share, FileOptions options, Int64 preallocationSize)
   at System.IO.Strategies.OSFileStreamStrategy..ctor(String path, FileMode mode, FileAccess access, FileShare share, FileOptions options, Int64 preallocationSize)
   at System.IO.Strategies.FileStreamHelpers.ChooseStrategyCore(String path, FileMode mode, FileAccess access, FileShare share, FileOptions options, Int64 preallocationSize)
   at System.IO.Strategies.FileStreamHelpers.ChooseStrategy(FileStream fileStream, String path, FileMode mode, FileAccess access, FileShare share, Int32 bufferSize, FileOptions options, Int64 preallocationSize)
   at System.IO.File.OpenRead(String path)
   at CurrencyExchange.API.Controller.LogController.DownloadLog(String fileName) in C:\shinku personal\Slovakia\WebAPI\CurrencyExchange\Controller\LogController.cs:line 65
2022-11-16 12:29:32.146 +05:30	ERR	CurrencyExchange.API.Controller.LogController	Error in DownloadLog
System.IO.IOException: The process cannot access the file 'C:\shinku personal\Slovakia\WebAPI\CurrencyExchange\Files\Logs\Debug\Debug-20221116.log' because it is being used by another process.
   at Microsoft.Win32.SafeHandles.SafeFileHandle.CreateFile(String fullPath, FileMode mode, FileAccess access, FileShare share, FileOptions options)
   at Microsoft.Win32.SafeHandles.SafeFileHandle.Open(String fullPath, FileMode mode, FileAccess access, FileShare share, FileOptions options, Int64 preallocationSize)
   at System.IO.Strategies.OSFileStreamStrategy..ctor(String path, FileMode mode, FileAccess access, FileShare share, FileOptions options, Int64 preallocationSize)
   at System.IO.Strategies.FileStreamHelpers.ChooseStrategyCore(String path, FileMode mode, FileAccess access, FileShare share, FileOptions options, Int64 preallocationSize)
   at System.IO.Strategies.FileStreamHelpers.ChooseStrategy(FileStream fileStream, String path, FileMode mode, FileAccess access, FileShare share, Int32 bufferSize, FileOptions options, Int64 preallocationSize)
   at System.IO.File.OpenRead(String path)
   at CurrencyExchange.API.Controller.LogController.DownloadLog(String fileName) in C:\shinku personal\Slovakia\WebAPI\CurrencyExchange\Controller\LogController.cs:line 65
2022-11-16 12:30:28.575 +05:30	ERR	CurrencyExchange.API.Controller.LogController	Error in DownloadLog
System.IO.IOException: The process cannot access the file 'C:\shinku personal\Slovakia\WebAPI\CurrencyExchange\Files\Logs\Debug\Debug-20221116.log' because it is being used by another process.
   at Microsoft.Win32.SafeHandles.SafeFileHandle.CreateFile(String fullPath, FileMode mode, FileAccess access, FileShare share, FileOptions options)
   at Microsoft.Win32.SafeHandles.SafeFileHandle.Open(String fullPath, FileMode mode, FileAccess access, FileShare share, FileOptions options, Int64 preallocationSize)
   at System.IO.Strategies.OSFileStreamStrategy..ctor(String path, FileMode mode, FileAccess access, FileShare share, FileOptions options, Int64 preallocationSize)
   at System.IO.Strategies.FileStreamHelpers.ChooseStrategyCore(String path, FileMode mode, FileAccess access, FileShare share, FileOptions options, Int64 preallocationSize)
   at System.IO.Strategies.FileStreamHelpers.ChooseStrategy(FileStream fileStream, String path, FileMode mode, FileAccess access, FileShare share, Int32 bufferSize, FileOptions options, Int64 preallocationSize)
   at System.IO.File.OpenRead(String path)
   at CurrencyExchange.API.Controller.LogController.DownloadLog(String fileName) in C:\shinku personal\Slovakia\WebAPI\CurrencyExchange\Controller\LogController.cs:line 65
2022-11-16 12:32:18.171 +05:30	ERR	CurrencyExchange.API.Controller.LogController	Error in DownloadLog
System.IO.IOException: The process cannot access the file 'C:\shinku personal\Slovakia\WebAPI\CurrencyExchange\Files\Logs\Debug\Debug-20221116.log' because it is being used by another process.
   at Microsoft.Win32.SafeHandles.SafeFileHandle.CreateFile(String fullPath, FileMode mode, FileAccess access, FileShare share, FileOptions options)
   at Microsoft.Win32.SafeHandles.SafeFileHandle.Open(String fullPath, FileMode mode, FileAccess access, FileShare share, FileOptions options, Int64 preallocationSize)
   at System.IO.Strategies.OSFileStreamStrategy..ctor(String path, FileMode mode, FileAccess access, FileShare share, FileOptions options, Int64 preallocationSize)
   at System.IO.Strategies.FileStreamHelpers.ChooseStrategyCore(String path, FileMode mode, FileAccess access, FileShare share, FileOptions options, Int64 preallocationSize)
   at System.IO.Strategies.FileStreamHelpers.ChooseStrategy(FileStream fileStream, String path, FileMode mode, FileAccess access, FileShare share, Int32 bufferSize, FileOptions options, Int64 preallocationSize)
   at System.IO.File.OpenRead(String path)
   at CurrencyExchange.API.Controller.LogController.DownloadLog(String fileName) in C:\shinku personal\Slovakia\WebAPI\CurrencyExchange\Controller\LogController.cs:line 65
2022-11-16 12:32:20.966 +05:30	ERR	CurrencyExchange.API.Controller.LogController	Error in DownloadLog
System.IO.IOException: The process cannot access the file 'C:\shinku personal\Slovakia\WebAPI\CurrencyExchange\Files\Logs\Debug\Debug-20221116.log' because it is being used by another process.
   at Microsoft.Win32.SafeHandles.SafeFileHandle.CreateFile(String fullPath, FileMode mode, FileAccess access, FileShare share, FileOptions options)
   at Microsoft.Win32.SafeHandles.SafeFileHandle.Open(String fullPath, FileMode mode, FileAccess access, FileShare share, FileOptions options, Int64 preallocationSize)
   at System.IO.Strategies.OSFileStreamStrategy..ctor(String path, FileMode mode, FileAccess access, FileShare share, FileOptions options, Int64 preallocationSize)
   at System.IO.Strategies.FileStreamHelpers.ChooseStrategyCore(String path, FileMode mode, FileAccess access, FileShare share, FileOptions options, Int64 preallocationSize)
   at System.IO.Strategies.FileStreamHelpers.ChooseStrategy(FileStream fileStream, String path, FileMode mode, FileAccess access, FileShare share, Int32 bufferSize, FileOptions options, Int64 preallocationSize)
   at System.IO.File.OpenRead(String path)
   at CurrencyExchange.API.Controller.LogController.DownloadLog(String fileName) in C:\shinku personal\Slovakia\WebAPI\CurrencyExchange\Controller\LogController.cs:line 65
2022-11-16 12:32:22.037 +05:30	ERR	CurrencyExchange.API.Controller.LogController	Error in DownloadLog
System.IO.IOException: The process cannot access the file 'C:\shinku personal\Slovakia\WebAPI\CurrencyExchange\Files\Logs\Debug\Debug-20221116.log' because it is being used by another process.
   at Microsoft.Win32.SafeHandles.SafeFileHandle.CreateFile(String fullPath, FileMode mode, FileAccess access, FileShare share, FileOptions options)
   at Microsoft.Win32.SafeHandles.SafeFileHandle.Open(String fullPath, FileMode mode, FileAccess access, FileShare share, FileOptions options, Int64 preallocationSize)
   at System.IO.Strategies.OSFileStreamStrategy..ctor(String path, FileMode mode, FileAccess access, FileShare share, FileOptions options, Int64 preallocationSize)
   at System.IO.Strategies.FileStreamHelpers.ChooseStrategyCore(String path, FileMode mode, FileAccess access, FileShare share, FileOptions options, Int64 preallocationSize)
   at System.IO.Strategies.FileStreamHelpers.ChooseStrategy(FileStream fileStream, String path, FileMode mode, FileAccess access, FileShare share, Int32 bufferSize, FileOptions options, Int64 preallocationSize)
   at System.IO.File.OpenRead(String path)
   at CurrencyExchange.API.Controller.LogController.DownloadLog(String fileName) in C:\shinku personal\Slovakia\WebAPI\CurrencyExchange\Controller\LogController.cs:line 65
2022-11-16 12:32:22.232 +05:30	ERR	CurrencyExchange.API.Controller.LogController	Error in DownloadLog
System.IO.IOException: The process cannot access the file 'C:\shinku personal\Slovakia\WebAPI\CurrencyExchange\Files\Logs\Debug\Debug-20221116.log' because it is being used by another process.
   at Microsoft.Win32.SafeHandles.SafeFileHandle.CreateFile(String fullPath, FileMode mode, FileAccess access, FileShare share, FileOptions options)
   at Microsoft.Win32.SafeHandles.SafeFileHandle.Open(String fullPath, FileMode mode, FileAccess access, FileShare share, FileOptions options, Int64 preallocationSize)
   at System.IO.Strategies.OSFileStreamStrategy..ctor(String path, FileMode mode, FileAccess access, FileShare share, FileOptions options, Int64 preallocationSize)
   at System.IO.Strategies.FileStreamHelpers.ChooseStrategyCore(String path, FileMode mode, FileAccess access, FileShare share, FileOptions options, Int64 preallocationSize)
   at System.IO.Strategies.FileStreamHelpers.ChooseStrategy(FileStream fileStream, String path, FileMode mode, FileAccess access, FileShare share, Int32 bufferSize, FileOptions options, Int64 preallocationSize)
   at System.IO.File.OpenRead(String path)
   at CurrencyExchange.API.Controller.LogController.DownloadLog(String fileName) in C:\shinku personal\Slovakia\WebAPI\CurrencyExchange\Controller\LogController.cs:line 65
2022-11-16 12:32:22.373 +05:30	ERR	CurrencyExchange.API.Controller.LogController	Error in DownloadLog
System.IO.IOException: The process cannot access the file 'C:\shinku personal\Slovakia\WebAPI\CurrencyExchange\Files\Logs\Debug\Debug-20221116.log' because it is being used by another process.
   at Microsoft.Win32.SafeHandles.SafeFileHandle.CreateFile(String fullPath, FileMode mode, FileAccess access, FileShare share, FileOptions options)
   at Microsoft.Win32.SafeHandles.SafeFileHandle.Open(String fullPath, FileMode mode, FileAccess access, FileShare share, FileOptions options, Int64 preallocationSize)
   at System.IO.Strategies.OSFileStreamStrategy..ctor(String path, FileMode mode, FileAccess access, FileShare share, FileOptions options, Int64 preallocationSize)
   at System.IO.Strategies.FileStreamHelpers.ChooseStrategyCore(String path, FileMode mode, FileAccess access, FileShare share, FileOptions options, Int64 preallocationSize)
   at System.IO.Strategies.FileStreamHelpers.ChooseStrategy(FileStream fileStream, String path, FileMode mode, FileAccess access, FileShare share, Int32 bufferSize, FileOptions options, Int64 preallocationSize)
   at System.IO.File.OpenRead(String path)
   at CurrencyExchange.API.Controller.LogController.DownloadLog(String fileName) in C:\shinku personal\Slovakia\WebAPI\CurrencyExchange\Controller\LogController.cs:line 65
2022-11-16 12:32:22.538 +05:30	ERR	CurrencyExchange.API.Controller.LogController	Error in DownloadLog
System.IO.IOException: The process cannot access the file 'C:\shinku personal\Slovakia\WebAPI\CurrencyExchange\Files\Logs\Debug\Debug-20221116.log' because it is being used by another process.
   at Microsoft.Win32.SafeHandles.SafeFileHandle.CreateFile(String fullPath, FileMode mode, FileAccess access, FileShare share, FileOptions options)
   at Microsoft.Win32.SafeHandles.SafeFileHandle.Open(String fullPath, FileMode mode, FileAccess access, FileShare share, FileOptions options, Int64 preallocationSize)
   at System.IO.Strategies.OSFileStreamStrategy..ctor(String path, FileMode mode, FileAccess access, FileShare share, FileOptions options, Int64 preallocationSize)
   at System.IO.Strategies.FileStreamHelpers.ChooseStrategyCore(String path, FileMode mode, FileAccess access, FileShare share, FileOptions options, Int64 preallocationSize)
   at System.IO.Strategies.FileStreamHelpers.ChooseStrategy(FileStream fileStream, String path, FileMode mode, FileAccess access, FileShare share, Int32 bufferSize, FileOptions options, Int64 preallocationSize)
   at System.IO.File.OpenRead(String path)
   at CurrencyExchange.API.Controller.LogController.DownloadLog(String fileName) in C:\shinku personal\Slovakia\WebAPI\CurrencyExchange\Controller\LogController.cs:line 65
2022-11-16 12:32:22.736 +05:30	ERR	CurrencyExchange.API.Controller.LogController	Error in DownloadLog
System.IO.IOException: The process cannot access the file 'C:\shinku personal\Slovakia\WebAPI\CurrencyExchange\Files\Logs\Debug\Debug-20221116.log' because it is being used by another process.
   at Microsoft.Win32.SafeHandles.SafeFileHandle.CreateFile(String fullPath, FileMode mode, FileAccess access, FileShare share, FileOptions options)
   at Microsoft.Win32.SafeHandles.SafeFileHandle.Open(String fullPath, FileMode mode, FileAccess access, FileShare share, FileOptions options, Int64 preallocationSize)
   at System.IO.Strategies.OSFileStreamStrategy..ctor(String path, FileMode mode, FileAccess access, FileShare share, FileOptions options, Int64 preallocationSize)
   at System.IO.Strategies.FileStreamHelpers.ChooseStrategyCore(String path, FileMode mode, FileAccess access, FileShare share, FileOptions options, Int64 preallocationSize)
   at System.IO.Strategies.FileStreamHelpers.ChooseStrategy(FileStream fileStream, String path, FileMode mode, FileAccess access, FileShare share, Int32 bufferSize, FileOptions options, Int64 preallocationSize)
   at System.IO.File.OpenRead(String path)
   at CurrencyExchange.API.Controller.LogController.DownloadLog(String fileName) in C:\shinku personal\Slovakia\WebAPI\CurrencyExchange\Controller\LogController.cs:line 65
2022-11-16 12:32:22.880 +05:30	ERR	CurrencyExchange.API.Controller.LogController	Error in DownloadLog
System.IO.IOException: The process cannot access the file 'C:\shinku personal\Slovakia\WebAPI\CurrencyExchange\Files\Logs\Debug\Debug-20221116.log' because it is being used by another process.
   at Microsoft.Win32.SafeHandles.SafeFileHandle.CreateFile(String fullPath, FileMode mode, FileAccess access, FileShare share, FileOptions options)
   at Microsoft.Win32.SafeHandles.SafeFileHandle.Open(String fullPath, FileMode mode, FileAccess access, FileShare share, FileOptions options, Int64 preallocationSize)
   at System.IO.Strategies.OSFileStreamStrategy..ctor(String path, FileMode mode, FileAccess access, FileShare share, FileOptions options, Int64 preallocationSize)
   at System.IO.Strategies.FileStreamHelpers.ChooseStrategyCore(String path, FileMode mode, FileAccess access, FileShare share, FileOptions options, Int64 preallocationSize)
   at System.IO.Strategies.FileStreamHelpers.ChooseStrategy(FileStream fileStream, String path, FileMode mode, FileAccess access, FileShare share, Int32 bufferSize, FileOptions options, Int64 preallocationSize)
   at System.IO.File.OpenRead(String path)
   at CurrencyExchange.API.Controller.LogController.DownloadLog(String fileName) in C:\shinku personal\Slovakia\WebAPI\CurrencyExchange\Controller\LogController.cs:line 65
2022-11-16 12:32:23.073 +05:30	ERR	CurrencyExchange.API.Controller.LogController	Error in DownloadLog
System.IO.IOException: The process cannot access the file 'C:\shinku personal\Slovakia\WebAPI\CurrencyExchange\Files\Logs\Debug\Debug-20221116.log' because it is being used by another process.
   at Microsoft.Win32.SafeHandles.SafeFileHandle.CreateFile(String fullPath, FileMode mode, FileAccess access, FileShare share, FileOptions options)
   at Microsoft.Win32.SafeHandles.SafeFileHandle.Open(String fullPath, FileMode mode, FileAccess access, FileShare share, FileOptions options, Int64 preallocationSize)
   at System.IO.Strategies.OSFileStreamStrategy..ctor(String path, FileMode mode, FileAccess access, FileShare share, FileOptions options, Int64 preallocationSize)
   at System.IO.Strategies.FileStreamHelpers.ChooseStrategyCore(String path, FileMode mode, FileAccess access, FileShare share, FileOptions options, Int64 preallocationSize)
   at System.IO.Strategies.FileStreamHelpers.ChooseStrategy(FileStream fileStream, String path, FileMode mode, FileAccess access, FileShare share, Int32 bufferSize, FileOptions options, Int64 preallocationSize)
   at System.IO.File.OpenRead(String path)
   at CurrencyExchange.API.Controller.LogController.DownloadLog(String fileName) in C:\shinku personal\Slovakia\WebAPI\CurrencyExchange\Controller\LogController.cs:line 65
2022-11-16 12:32:23.230 +05:30	ERR	CurrencyExchange.API.Controller.LogController	Error in DownloadLog
System.IO.IOException: The process cannot access the file 'C:\shinku personal\Slovakia\WebAPI\CurrencyExchange\Files\Logs\Debug\Debug-20221116.log' because it is being used by another process.
   at Microsoft.Win32.SafeHandles.SafeFileHandle.CreateFile(String fullPath, FileMode mode, FileAccess access, FileShare share, FileOptions options)
   at Microsoft.Win32.SafeHandles.SafeFileHandle.Open(String fullPath, FileMode mode, FileAccess access, FileShare share, FileOptions options, Int64 preallocationSize)
   at System.IO.Strategies.OSFileStreamStrategy..ctor(String path, FileMode mode, FileAccess access, FileShare share, FileOptions options, Int64 preallocationSize)
   at System.IO.Strategies.FileStreamHelpers.ChooseStrategyCore(String path, FileMode mode, FileAccess access, FileShare share, FileOptions options, Int64 preallocationSize)
   at System.IO.Strategies.FileStreamHelpers.ChooseStrategy(FileStream fileStream, String path, FileMode mode, FileAccess access, FileShare share, Int32 bufferSize, FileOptions options, Int64 preallocationSize)
   at System.IO.File.OpenRead(String path)
   at CurrencyExchange.API.Controller.LogController.DownloadLog(String fileName) in C:\shinku personal\Slovakia\WebAPI\CurrencyExchange\Controller\LogController.cs:line 65
2022-11-16 12:32:23.409 +05:30	ERR	CurrencyExchange.API.Controller.LogController	Error in DownloadLog
System.IO.IOException: The process cannot access the file 'C:\shinku personal\Slovakia\WebAPI\CurrencyExchange\Files\Logs\Debug\Debug-20221116.log' because it is being used by another process.
   at Microsoft.Win32.SafeHandles.SafeFileHandle.CreateFile(String fullPath, FileMode mode, FileAccess access, FileShare share, FileOptions options)
   at Microsoft.Win32.SafeHandles.SafeFileHandle.Open(String fullPath, FileMode mode, FileAccess access, FileShare share, FileOptions options, Int64 preallocationSize)
   at System.IO.Strategies.OSFileStreamStrategy..ctor(String path, FileMode mode, FileAccess access, FileShare share, FileOptions options, Int64 preallocationSize)
   at System.IO.Strategies.FileStreamHelpers.ChooseStrategyCore(String path, FileMode mode, FileAccess access, FileShare share, FileOptions options, Int64 preallocationSize)
   at System.IO.Strategies.FileStreamHelpers.ChooseStrategy(FileStream fileStream, String path, FileMode mode, FileAccess access, FileShare share, Int32 bufferSize, FileOptions options, Int64 preallocationSize)
   at System.IO.File.OpenRead(String path)
   at CurrencyExchange.API.Controller.LogController.DownloadLog(String fileName) in C:\shinku personal\Slovakia\WebAPI\CurrencyExchange\Controller\LogController.cs:line 65
2022-11-16 12:32:23.577 +05:30	ERR	CurrencyExchange.API.Controller.LogController	Error in DownloadLog
System.IO.IOException: The process cannot access the file 'C:\shinku personal\Slovakia\WebAPI\CurrencyExchange\Files\Logs\Debug\Debug-20221116.log' because it is being used by another process.
   at Microsoft.Win32.SafeHandles.SafeFileHandle.CreateFile(String fullPath, FileMode mode, FileAccess access, FileShare share, FileOptions options)
   at Microsoft.Win32.SafeHandles.SafeFileHandle.Open(String fullPath, FileMode mode, FileAccess access, FileShare share, FileOptions options, Int64 preallocationSize)
   at System.IO.Strategies.OSFileStreamStrategy..ctor(String path, FileMode mode, FileAccess access, FileShare share, FileOptions options, Int64 preallocationSize)
   at System.IO.Strategies.FileStreamHelpers.ChooseStrategyCore(String path, FileMode mode, FileAccess access, FileShare share, FileOptions options, Int64 preallocationSize)
   at System.IO.Strategies.FileStreamHelpers.ChooseStrategy(FileStream fileStream, String path, FileMode mode, FileAccess access, FileShare share, Int32 bufferSize, FileOptions options, Int64 preallocationSize)
   at System.IO.File.OpenRead(String path)
   at CurrencyExchange.API.Controller.LogController.DownloadLog(String fileName) in C:\shinku personal\Slovakia\WebAPI\CurrencyExchange\Controller\LogController.cs:line 65
2022-11-16 12:32:23.795 +05:30	ERR	CurrencyExchange.API.Controller.LogController	Error in DownloadLog
System.IO.IOException: The process cannot access the file 'C:\shinku personal\Slovakia\WebAPI\CurrencyExchange\Files\Logs\Debug\Debug-20221116.log' because it is being used by another process.
   at Microsoft.Win32.SafeHandles.SafeFileHandle.CreateFile(String fullPath, FileMode mode, FileAccess access, FileShare share, FileOptions options)
   at Microsoft.Win32.SafeHandles.SafeFileHandle.Open(String fullPath, FileMode mode, FileAccess access, FileShare share, FileOptions options, Int64 preallocationSize)
   at System.IO.Strategies.OSFileStreamStrategy..ctor(String path, FileMode mode, FileAccess access, FileShare share, FileOptions options, Int64 preallocationSize)
   at System.IO.Strategies.FileStreamHelpers.ChooseStrategyCore(String path, FileMode mode, FileAccess access, FileShare share, FileOptions options, Int64 preallocationSize)
   at System.IO.Strategies.FileStreamHelpers.ChooseStrategy(FileStream fileStream, String path, FileMode mode, FileAccess access, FileShare share, Int32 bufferSize, FileOptions options, Int64 preallocationSize)
   at System.IO.File.OpenRead(String path)
   at CurrencyExchange.API.Controller.LogController.DownloadLog(String fileName) in C:\shinku personal\Slovakia\WebAPI\CurrencyExchange\Controller\LogController.cs:line 65
2022-11-16 12:32:23.973 +05:30	ERR	CurrencyExchange.API.Controller.LogController	Error in DownloadLog
System.IO.IOException: The process cannot access the file 'C:\shinku personal\Slovakia\WebAPI\CurrencyExchange\Files\Logs\Debug\Debug-20221116.log' because it is being used by another process.
   at Microsoft.Win32.SafeHandles.SafeFileHandle.CreateFile(String fullPath, FileMode mode, FileAccess access, FileShare share, FileOptions options)
   at Microsoft.Win32.SafeHandles.SafeFileHandle.Open(String fullPath, FileMode mode, FileAccess access, FileShare share, FileOptions options, Int64 preallocationSize)
   at System.IO.Strategies.OSFileStreamStrategy..ctor(String path, FileMode mode, FileAccess access, FileShare share, FileOptions options, Int64 preallocationSize)
   at System.IO.Strategies.FileStreamHelpers.ChooseStrategyCore(String path, FileMode mode, FileAccess access, FileShare share, FileOptions options, Int64 preallocationSize)
   at System.IO.Strategies.FileStreamHelpers.ChooseStrategy(FileStream fileStream, String path, FileMode mode, FileAccess access, FileShare share, Int32 bufferSize, FileOptions options, Int64 preallocationSize)
   at System.IO.File.OpenRead(String path)
   at CurrencyExchange.API.Controller.LogController.DownloadLog(String fileName) in C:\shinku personal\Slovakia\WebAPI\CurrencyExchange\Controller\LogController.cs:line 65
2022-11-16 12:32:24.180 +05:30	ERR	CurrencyExchange.API.Controller.LogController	Error in DownloadLog
System.IO.IOException: The process cannot access the file 'C:\shinku personal\Slovakia\WebAPI\CurrencyExchange\Files\Logs\Debug\Debug-20221116.log' because it is being used by another process.
   at Microsoft.Win32.SafeHandles.SafeFileHandle.CreateFile(String fullPath, FileMode mode, FileAccess access, FileShare share, FileOptions options)
   at Microsoft.Win32.SafeHandles.SafeFileHandle.Open(String fullPath, FileMode mode, FileAccess access, FileShare share, FileOptions options, Int64 preallocationSize)
   at System.IO.Strategies.OSFileStreamStrategy..ctor(String path, FileMode mode, FileAccess access, FileShare share, FileOptions options, Int64 preallocationSize)
   at System.IO.Strategies.FileStreamHelpers.ChooseStrategyCore(String path, FileMode mode, FileAccess access, FileShare share, FileOptions options, Int64 preallocationSize)
   at System.IO.Strategies.FileStreamHelpers.ChooseStrategy(FileStream fileStream, String path, FileMode mode, FileAccess access, FileShare share, Int32 bufferSize, FileOptions options, Int64 preallocationSize)
   at System.IO.File.OpenRead(String path)
   at CurrencyExchange.API.Controller.LogController.DownloadLog(String fileName) in C:\shinku personal\Slovakia\WebAPI\CurrencyExchange\Controller\LogController.cs:line 65
2022-11-16 12:32:24.349 +05:30	ERR	CurrencyExchange.API.Controller.LogController	Error in DownloadLog
System.IO.IOException: The process cannot access the file 'C:\shinku personal\Slovakia\WebAPI\CurrencyExchange\Files\Logs\Debug\Debug-20221116.log' because it is being used by another process.
   at Microsoft.Win32.SafeHandles.SafeFileHandle.CreateFile(String fullPath, FileMode mode, FileAccess access, FileShare share, FileOptions options)
   at Microsoft.Win32.SafeHandles.SafeFileHandle.Open(String fullPath, FileMode mode, FileAccess access, FileShare share, FileOptions options, Int64 preallocationSize)
   at System.IO.Strategies.OSFileStreamStrategy..ctor(String path, FileMode mode, FileAccess access, FileShare share, FileOptions options, Int64 preallocationSize)
   at System.IO.Strategies.FileStreamHelpers.ChooseStrategyCore(String path, FileMode mode, FileAccess access, FileShare share, FileOptions options, Int64 preallocationSize)
   at System.IO.Strategies.FileStreamHelpers.ChooseStrategy(FileStream fileStream, String path, FileMode mode, FileAccess access, FileShare share, Int32 bufferSize, FileOptions options, Int64 preallocationSize)
   at System.IO.File.OpenRead(String path)
   at CurrencyExchange.API.Controller.LogController.DownloadLog(String fileName) in C:\shinku personal\Slovakia\WebAPI\CurrencyExchange\Controller\LogController.cs:line 65
2022-11-16 12:32:24.517 +05:30	ERR	CurrencyExchange.API.Controller.LogController	Error in DownloadLog
System.IO.IOException: The process cannot access the file 'C:\shinku personal\Slovakia\WebAPI\CurrencyExchange\Files\Logs\Debug\Debug-20221116.log' because it is being used by another process.
   at Microsoft.Win32.SafeHandles.SafeFileHandle.CreateFile(String fullPath, FileMode mode, FileAccess access, FileShare share, FileOptions options)
   at Microsoft.Win32.SafeHandles.SafeFileHandle.Open(String fullPath, FileMode mode, FileAccess access, FileShare share, FileOptions options, Int64 preallocationSize)
   at System.IO.Strategies.OSFileStreamStrategy..ctor(String path, FileMode mode, FileAccess access, FileShare share, FileOptions options, Int64 preallocationSize)
   at System.IO.Strategies.FileStreamHelpers.ChooseStrategyCore(String path, FileMode mode, FileAccess access, FileShare share, FileOptions options, Int64 preallocationSize)
   at System.IO.Strategies.FileStreamHelpers.ChooseStrategy(FileStream fileStream, String path, FileMode mode, FileAccess access, FileShare share, Int32 bufferSize, FileOptions options, Int64 preallocationSize)
   at System.IO.File.OpenRead(String path)
   at CurrencyExchange.API.Controller.LogController.DownloadLog(String fileName) in C:\shinku personal\Slovakia\WebAPI\CurrencyExchange\Controller\LogController.cs:line 65
2022-11-16 12:32:24.704 +05:30	ERR	CurrencyExchange.API.Controller.LogController	Error in DownloadLog
System.IO.IOException: The process cannot access the file 'C:\shinku personal\Slovakia\WebAPI\CurrencyExchange\Files\Logs\Debug\Debug-20221116.log' because it is being used by another process.
   at Microsoft.Win32.SafeHandles.SafeFileHandle.CreateFile(String fullPath, FileMode mode, FileAccess access, FileShare share, FileOptions options)
   at Microsoft.Win32.SafeHandles.SafeFileHandle.Open(String fullPath, FileMode mode, FileAccess access, FileShare share, FileOptions options, Int64 preallocationSize)
   at System.IO.Strategies.OSFileStreamStrategy..ctor(String path, FileMode mode, FileAccess access, FileShare share, FileOptions options, Int64 preallocationSize)
   at System.IO.Strategies.FileStreamHelpers.ChooseStrategyCore(String path, FileMode mode, FileAccess access, FileShare share, FileOptions options, Int64 preallocationSize)
   at System.IO.Strategies.FileStreamHelpers.ChooseStrategy(FileStream fileStream, String path, FileMode mode, FileAccess access, FileShare share, Int32 bufferSize, FileOptions options, Int64 preallocationSize)
   at System.IO.File.OpenRead(String path)
   at CurrencyExchange.API.Controller.LogController.DownloadLog(String fileName) in C:\shinku personal\Slovakia\WebAPI\CurrencyExchange\Controller\LogController.cs:line 65
2022-11-16 12:32:24.899 +05:30	ERR	CurrencyExchange.API.Controller.LogController	Error in DownloadLog
System.IO.IOException: The process cannot access the file 'C:\shinku personal\Slovakia\WebAPI\CurrencyExchange\Files\Logs\Debug\Debug-20221116.log' because it is being used by another process.
   at Microsoft.Win32.SafeHandles.SafeFileHandle.CreateFile(String fullPath, FileMode mode, FileAccess access, FileShare share, FileOptions options)
   at Microsoft.Win32.SafeHandles.SafeFileHandle.Open(String fullPath, FileMode mode, FileAccess access, FileShare share, FileOptions options, Int64 preallocationSize)
   at System.IO.Strategies.OSFileStreamStrategy..ctor(String path, FileMode mode, FileAccess access, FileShare share, FileOptions options, Int64 preallocationSize)
   at System.IO.Strategies.FileStreamHelpers.ChooseStrategyCore(String path, FileMode mode, FileAccess access, FileShare share, FileOptions options, Int64 preallocationSize)
   at System.IO.Strategies.FileStreamHelpers.ChooseStrategy(FileStream fileStream, String path, FileMode mode, FileAccess access, FileShare share, Int32 bufferSize, FileOptions options, Int64 preallocationSize)
   at System.IO.File.OpenRead(String path)
   at CurrencyExchange.API.Controller.LogController.DownloadLog(String fileName) in C:\shinku personal\Slovakia\WebAPI\CurrencyExchange\Controller\LogController.cs:line 65
2022-11-16 12:32:25.084 +05:30	ERR	CurrencyExchange.API.Controller.LogController	Error in DownloadLog
System.IO.IOException: The process cannot access the file 'C:\shinku personal\Slovakia\WebAPI\CurrencyExchange\Files\Logs\Debug\Debug-20221116.log' because it is being used by another process.
   at Microsoft.Win32.SafeHandles.SafeFileHandle.CreateFile(String fullPath, FileMode mode, FileAccess access, FileShare share, FileOptions options)
   at Microsoft.Win32.SafeHandles.SafeFileHandle.Open(String fullPath, FileMode mode, FileAccess access, FileShare share, FileOptions options, Int64 preallocationSize)
   at System.IO.Strategies.OSFileStreamStrategy..ctor(String path, FileMode mode, FileAccess access, FileShare share, FileOptions options, Int64 preallocationSize)
   at System.IO.Strategies.FileStreamHelpers.ChooseStrategyCore(String path, FileMode mode, FileAccess access, FileShare share, FileOptions options, Int64 preallocationSize)
   at System.IO.Strategies.FileStreamHelpers.ChooseStrategy(FileStream fileStream, String path, FileMode mode, FileAccess access, FileShare share, Int32 bufferSize, FileOptions options, Int64 preallocationSize)
   at System.IO.File.OpenRead(String path)
   at CurrencyExchange.API.Controller.LogController.DownloadLog(String fileName) in C:\shinku personal\Slovakia\WebAPI\CurrencyExchange\Controller\LogController.cs:line 65
2022-11-16 12:32:25.265 +05:30	ERR	CurrencyExchange.API.Controller.LogController	Error in DownloadLog
System.IO.IOException: The process cannot access the file 'C:\shinku personal\Slovakia\WebAPI\CurrencyExchange\Files\Logs\Debug\Debug-20221116.log' because it is being used by another process.
   at Microsoft.Win32.SafeHandles.SafeFileHandle.CreateFile(String fullPath, FileMode mode, FileAccess access, FileShare share, FileOptions options)
   at Microsoft.Win32.SafeHandles.SafeFileHandle.Open(String fullPath, FileMode mode, FileAccess access, FileShare share, FileOptions options, Int64 preallocationSize)
   at System.IO.Strategies.OSFileStreamStrategy..ctor(String path, FileMode mode, FileAccess access, FileShare share, FileOptions options, Int64 preallocationSize)
   at System.IO.Strategies.FileStreamHelpers.ChooseStrategyCore(String path, FileMode mode, FileAccess access, FileShare share, FileOptions options, Int64 preallocationSize)
   at System.IO.Strategies.FileStreamHelpers.ChooseStrategy(FileStream fileStream, String path, FileMode mode, FileAccess access, FileShare share, Int32 bufferSize, FileOptions options, Int64 preallocationSize)
   at System.IO.File.OpenRead(String path)
   at CurrencyExchange.API.Controller.LogController.DownloadLog(String fileName) in C:\shinku personal\Slovakia\WebAPI\CurrencyExchange\Controller\LogController.cs:line 65
2022-11-16 12:32:25.419 +05:30	ERR	CurrencyExchange.API.Controller.LogController	Error in DownloadLog
System.IO.IOException: The process cannot access the file 'C:\shinku personal\Slovakia\WebAPI\CurrencyExchange\Files\Logs\Debug\Debug-20221116.log' because it is being used by another process.
   at Microsoft.Win32.SafeHandles.SafeFileHandle.CreateFile(String fullPath, FileMode mode, FileAccess access, FileShare share, FileOptions options)
   at Microsoft.Win32.SafeHandles.SafeFileHandle.Open(String fullPath, FileMode mode, FileAccess access, FileShare share, FileOptions options, Int64 preallocationSize)
   at System.IO.Strategies.OSFileStreamStrategy..ctor(String path, FileMode mode, FileAccess access, FileShare share, FileOptions options, Int64 preallocationSize)
   at System.IO.Strategies.FileStreamHelpers.ChooseStrategyCore(String path, FileMode mode, FileAccess access, FileShare share, FileOptions options, Int64 preallocationSize)
   at System.IO.Strategies.FileStreamHelpers.ChooseStrategy(FileStream fileStream, String path, FileMode mode, FileAccess access, FileShare share, Int32 bufferSize, FileOptions options, Int64 preallocationSize)
   at System.IO.File.OpenRead(String path)
   at CurrencyExchange.API.Controller.LogController.DownloadLog(String fileName) in C:\shinku personal\Slovakia\WebAPI\CurrencyExchange\Controller\LogController.cs:line 65
2022-11-16 12:32:25.601 +05:30	ERR	CurrencyExchange.API.Controller.LogController	Error in DownloadLog
System.IO.IOException: The process cannot access the file 'C:\shinku personal\Slovakia\WebAPI\CurrencyExchange\Files\Logs\Debug\Debug-20221116.log' because it is being used by another process.
   at Microsoft.Win32.SafeHandles.SafeFileHandle.CreateFile(String fullPath, FileMode mode, FileAccess access, FileShare share, FileOptions options)
   at Microsoft.Win32.SafeHandles.SafeFileHandle.Open(String fullPath, FileMode mode, FileAccess access, FileShare share, FileOptions options, Int64 preallocationSize)
   at System.IO.Strategies.OSFileStreamStrategy..ctor(String path, FileMode mode, FileAccess access, FileShare share, FileOptions options, Int64 preallocationSize)
   at System.IO.Strategies.FileStreamHelpers.ChooseStrategyCore(String path, FileMode mode, FileAccess access, FileShare share, FileOptions options, Int64 preallocationSize)
   at System.IO.Strategies.FileStreamHelpers.ChooseStrategy(FileStream fileStream, String path, FileMode mode, FileAccess access, FileShare share, Int32 bufferSize, FileOptions options, Int64 preallocationSize)
   at System.IO.File.OpenRead(String path)
   at CurrencyExchange.API.Controller.LogController.DownloadLog(String fileName) in C:\shinku personal\Slovakia\WebAPI\CurrencyExchange\Controller\LogController.cs:line 65
2022-11-16 12:32:25.919 +05:30	ERR	CurrencyExchange.API.Controller.LogController	Error in DownloadLog
System.IO.IOException: The process cannot access the file 'C:\shinku personal\Slovakia\WebAPI\CurrencyExchange\Files\Logs\Debug\Debug-20221116.log' because it is being used by another process.
   at Microsoft.Win32.SafeHandles.SafeFileHandle.CreateFile(String fullPath, FileMode mode, FileAccess access, FileShare share, FileOptions options)
   at Microsoft.Win32.SafeHandles.SafeFileHandle.Open(String fullPath, FileMode mode, FileAccess access, FileShare share, FileOptions options, Int64 preallocationSize)
   at System.IO.Strategies.OSFileStreamStrategy..ctor(String path, FileMode mode, FileAccess access, FileShare share, FileOptions options, Int64 preallocationSize)
   at System.IO.Strategies.FileStreamHelpers.ChooseStrategyCore(String path, FileMode mode, FileAccess access, FileShare share, FileOptions options, Int64 preallocationSize)
   at System.IO.Strategies.FileStreamHelpers.ChooseStrategy(FileStream fileStream, String path, FileMode mode, FileAccess access, FileShare share, Int32 bufferSize, FileOptions options, Int64 preallocationSize)
   at System.IO.File.OpenRead(String path)
   at CurrencyExchange.API.Controller.LogController.DownloadLog(String fileName) in C:\shinku personal\Slovakia\WebAPI\CurrencyExchange\Controller\LogController.cs:line 65
2022-11-16 12:32:26.106 +05:30	ERR	CurrencyExchange.API.Controller.LogController	Error in DownloadLog
System.IO.IOException: The process cannot access the file 'C:\shinku personal\Slovakia\WebAPI\CurrencyExchange\Files\Logs\Debug\Debug-20221116.log' because it is being used by another process.
   at Microsoft.Win32.SafeHandles.SafeFileHandle.CreateFile(String fullPath, FileMode mode, FileAccess access, FileShare share, FileOptions options)
   at Microsoft.Win32.SafeHandles.SafeFileHandle.Open(String fullPath, FileMode mode, FileAccess access, FileShare share, FileOptions options, Int64 preallocationSize)
   at System.IO.Strategies.OSFileStreamStrategy..ctor(String path, FileMode mode, FileAccess access, FileShare share, FileOptions options, Int64 preallocationSize)
   at System.IO.Strategies.FileStreamHelpers.ChooseStrategyCore(String path, FileMode mode, FileAccess access, FileShare share, FileOptions options, Int64 preallocationSize)
   at System.IO.Strategies.FileStreamHelpers.ChooseStrategy(FileStream fileStream, String path, FileMode mode, FileAccess access, FileShare share, Int32 bufferSize, FileOptions options, Int64 preallocationSize)
   at System.IO.File.OpenRead(String path)
   at CurrencyExchange.API.Controller.LogController.DownloadLog(String fileName) in C:\shinku personal\Slovakia\WebAPI\CurrencyExchange\Controller\LogController.cs:line 65
2022-11-16 12:32:26.284 +05:30	ERR	CurrencyExchange.API.Controller.LogController	Error in DownloadLog
System.IO.IOException: The process cannot access the file 'C:\shinku personal\Slovakia\WebAPI\CurrencyExchange\Files\Logs\Debug\Debug-20221116.log' because it is being used by another process.
   at Microsoft.Win32.SafeHandles.SafeFileHandle.CreateFile(String fullPath, FileMode mode, FileAccess access, FileShare share, FileOptions options)
   at Microsoft.Win32.SafeHandles.SafeFileHandle.Open(String fullPath, FileMode mode, FileAccess access, FileShare share, FileOptions options, Int64 preallocationSize)
   at System.IO.Strategies.OSFileStreamStrategy..ctor(String path, FileMode mode, FileAccess access, FileShare share, FileOptions options, Int64 preallocationSize)
   at System.IO.Strategies.FileStreamHelpers.ChooseStrategyCore(String path, FileMode mode, FileAccess access, FileShare share, FileOptions options, Int64 preallocationSize)
   at System.IO.Strategies.FileStreamHelpers.ChooseStrategy(FileStream fileStream, String path, FileMode mode, FileAccess access, FileShare share, Int32 bufferSize, FileOptions options, Int64 preallocationSize)
   at System.IO.File.OpenRead(String path)
   at CurrencyExchange.API.Controller.LogController.DownloadLog(String fileName) in C:\shinku personal\Slovakia\WebAPI\CurrencyExchange\Controller\LogController.cs:line 65
2022-11-16 12:32:26.453 +05:30	ERR	CurrencyExchange.API.Controller.LogController	Error in DownloadLog
System.IO.IOException: The process cannot access the file 'C:\shinku personal\Slovakia\WebAPI\CurrencyExchange\Files\Logs\Debug\Debug-20221116.log' because it is being used by another process.
   at Microsoft.Win32.SafeHandles.SafeFileHandle.CreateFile(String fullPath, FileMode mode, FileAccess access, FileShare share, FileOptions options)
   at Microsoft.Win32.SafeHandles.SafeFileHandle.Open(String fullPath, FileMode mode, FileAccess access, FileShare share, FileOptions options, Int64 preallocationSize)
   at System.IO.Strategies.OSFileStreamStrategy..ctor(String path, FileMode mode, FileAccess access, FileShare share, FileOptions options, Int64 preallocationSize)
   at System.IO.Strategies.FileStreamHelpers.ChooseStrategyCore(String path, FileMode mode, FileAccess access, FileShare share, FileOptions options, Int64 preallocationSize)
   at System.IO.Strategies.FileStreamHelpers.ChooseStrategy(FileStream fileStream, String path, FileMode mode, FileAccess access, FileShare share, Int32 bufferSize, FileOptions options, Int64 preallocationSize)
   at System.IO.File.OpenRead(String path)
   at CurrencyExchange.API.Controller.LogController.DownloadLog(String fileName) in C:\shinku personal\Slovakia\WebAPI\CurrencyExchange\Controller\LogController.cs:line 65
2022-11-16 12:32:26.627 +05:30	ERR	CurrencyExchange.API.Controller.LogController	Error in DownloadLog
System.IO.IOException: The process cannot access the file 'C:\shinku personal\Slovakia\WebAPI\CurrencyExchange\Files\Logs\Debug\Debug-20221116.log' because it is being used by another process.
   at Microsoft.Win32.SafeHandles.SafeFileHandle.CreateFile(String fullPath, FileMode mode, FileAccess access, FileShare share, FileOptions options)
   at Microsoft.Win32.SafeHandles.SafeFileHandle.Open(String fullPath, FileMode mode, FileAccess access, FileShare share, FileOptions options, Int64 preallocationSize)
   at System.IO.Strategies.OSFileStreamStrategy..ctor(String path, FileMode mode, FileAccess access, FileShare share, FileOptions options, Int64 preallocationSize)
   at System.IO.Strategies.FileStreamHelpers.ChooseStrategyCore(String path, FileMode mode, FileAccess access, FileShare share, FileOptions options, Int64 preallocationSize)
   at System.IO.Strategies.FileStreamHelpers.ChooseStrategy(FileStream fileStream, String path, FileMode mode, FileAccess access, FileShare share, Int32 bufferSize, FileOptions options, Int64 preallocationSize)
   at System.IO.File.OpenRead(String path)
   at CurrencyExchange.API.Controller.LogController.DownloadLog(String fileName) in C:\shinku personal\Slovakia\WebAPI\CurrencyExchange\Controller\LogController.cs:line 65
2022-11-16 12:32:26.824 +05:30	ERR	CurrencyExchange.API.Controller.LogController	Error in DownloadLog
System.IO.IOException: The process cannot access the file 'C:\shinku personal\Slovakia\WebAPI\CurrencyExchange\Files\Logs\Debug\Debug-20221116.log' because it is being used by another process.
   at Microsoft.Win32.SafeHandles.SafeFileHandle.CreateFile(String fullPath, FileMode mode, FileAccess access, FileShare share, FileOptions options)
   at Microsoft.Win32.SafeHandles.SafeFileHandle.Open(String fullPath, FileMode mode, FileAccess access, FileShare share, FileOptions options, Int64 preallocationSize)
   at System.IO.Strategies.OSFileStreamStrategy..ctor(String path, FileMode mode, FileAccess access, FileShare share, FileOptions options, Int64 preallocationSize)
   at System.IO.Strategies.FileStreamHelpers.ChooseStrategyCore(String path, FileMode mode, FileAccess access, FileShare share, FileOptions options, Int64 preallocationSize)
   at System.IO.Strategies.FileStreamHelpers.ChooseStrategy(FileStream fileStream, String path, FileMode mode, FileAccess access, FileShare share, Int32 bufferSize, FileOptions options, Int64 preallocationSize)
   at System.IO.File.OpenRead(String path)
   at CurrencyExchange.API.Controller.LogController.DownloadLog(String fileName) in C:\shinku personal\Slovakia\WebAPI\CurrencyExchange\Controller\LogController.cs:line 65
2022-11-16 12:32:33.475 +05:30	ERR	CurrencyExchange.API.Controller.LogController	Error in DownloadLog
System.IO.IOException: The process cannot access the file 'C:\shinku personal\Slovakia\WebAPI\CurrencyExchange\Files\Logs\Debug\Debug-20221116.log' because it is being used by another process.
   at Microsoft.Win32.SafeHandles.SafeFileHandle.CreateFile(String fullPath, FileMode mode, FileAccess access, FileShare share, FileOptions options)
   at Microsoft.Win32.SafeHandles.SafeFileHandle.Open(String fullPath, FileMode mode, FileAccess access, FileShare share, FileOptions options, Int64 preallocationSize)
   at System.IO.Strategies.OSFileStreamStrategy..ctor(String path, FileMode mode, FileAccess access, FileShare share, FileOptions options, Int64 preallocationSize)
   at System.IO.Strategies.FileStreamHelpers.ChooseStrategyCore(String path, FileMode mode, FileAccess access, FileShare share, FileOptions options, Int64 preallocationSize)
   at System.IO.Strategies.FileStreamHelpers.ChooseStrategy(FileStream fileStream, String path, FileMode mode, FileAccess access, FileShare share, Int32 bufferSize, FileOptions options, Int64 preallocationSize)
   at System.IO.File.OpenRead(String path)
   at CurrencyExchange.API.Controller.LogController.DownloadLog(String fileName) in C:\shinku personal\Slovakia\WebAPI\CurrencyExchange\Controller\LogController.cs:line 65
2022-11-16 12:32:33.739 +05:30	ERR	CurrencyExchange.API.Controller.LogController	Error in DownloadLog
System.IO.IOException: The process cannot access the file 'C:\shinku personal\Slovakia\WebAPI\CurrencyExchange\Files\Logs\Debug\Debug-20221116.log' because it is being used by another process.
   at Microsoft.Win32.SafeHandles.SafeFileHandle.CreateFile(String fullPath, FileMode mode, FileAccess access, FileShare share, FileOptions options)
   at Microsoft.Win32.SafeHandles.SafeFileHandle.Open(String fullPath, FileMode mode, FileAccess access, FileShare share, FileOptions options, Int64 preallocationSize)
   at System.IO.Strategies.OSFileStreamStrategy..ctor(String path, FileMode mode, FileAccess access, FileShare share, FileOptions options, Int64 preallocationSize)
   at System.IO.Strategies.FileStreamHelpers.ChooseStrategyCore(String path, FileMode mode, FileAccess access, FileShare share, FileOptions options, Int64 preallocationSize)
   at System.IO.Strategies.FileStreamHelpers.ChooseStrategy(FileStream fileStream, String path, FileMode mode, FileAccess access, FileShare share, Int32 bufferSize, FileOptions options, Int64 preallocationSize)
   at System.IO.File.OpenRead(String path)
   at CurrencyExchange.API.Controller.LogController.DownloadLog(String fileName) in C:\shinku personal\Slovakia\WebAPI\CurrencyExchange\Controller\LogController.cs:line 65
2022-11-16 12:32:33.900 +05:30	ERR	CurrencyExchange.API.Controller.LogController	Error in DownloadLog
System.IO.IOException: The process cannot access the file 'C:\shinku personal\Slovakia\WebAPI\CurrencyExchange\Files\Logs\Debug\Debug-20221116.log' because it is being used by another process.
   at Microsoft.Win32.SafeHandles.SafeFileHandle.CreateFile(String fullPath, FileMode mode, FileAccess access, FileShare share, FileOptions options)
   at Microsoft.Win32.SafeHandles.SafeFileHandle.Open(String fullPath, FileMode mode, FileAccess access, FileShare share, FileOptions options, Int64 preallocationSize)
   at System.IO.Strategies.OSFileStreamStrategy..ctor(String path, FileMode mode, FileAccess access, FileShare share, FileOptions options, Int64 preallocationSize)
   at System.IO.Strategies.FileStreamHelpers.ChooseStrategyCore(String path, FileMode mode, FileAccess access, FileShare share, FileOptions options, Int64 preallocationSize)
   at System.IO.Strategies.FileStreamHelpers.ChooseStrategy(FileStream fileStream, String path, FileMode mode, FileAccess access, FileShare share, Int32 bufferSize, FileOptions options, Int64 preallocationSize)
   at System.IO.File.OpenRead(String path)
   at CurrencyExchange.API.Controller.LogController.DownloadLog(String fileName) in C:\shinku personal\Slovakia\WebAPI\CurrencyExchange\Controller\LogController.cs:line 65
2022-11-16 12:32:34.098 +05:30	ERR	CurrencyExchange.API.Controller.LogController	Error in DownloadLog
System.IO.IOException: The process cannot access the file 'C:\shinku personal\Slovakia\WebAPI\CurrencyExchange\Files\Logs\Debug\Debug-20221116.log' because it is being used by another process.
   at Microsoft.Win32.SafeHandles.SafeFileHandle.CreateFile(String fullPath, FileMode mode, FileAccess access, FileShare share, FileOptions options)
   at Microsoft.Win32.SafeHandles.SafeFileHandle.Open(String fullPath, FileMode mode, FileAccess access, FileShare share, FileOptions options, Int64 preallocationSize)
   at System.IO.Strategies.OSFileStreamStrategy..ctor(String path, FileMode mode, FileAccess access, FileShare share, FileOptions options, Int64 preallocationSize)
   at System.IO.Strategies.FileStreamHelpers.ChooseStrategyCore(String path, FileMode mode, FileAccess access, FileShare share, FileOptions options, Int64 preallocationSize)
   at System.IO.Strategies.FileStreamHelpers.ChooseStrategy(FileStream fileStream, String path, FileMode mode, FileAccess access, FileShare share, Int32 bufferSize, FileOptions options, Int64 preallocationSize)
   at System.IO.File.OpenRead(String path)
   at CurrencyExchange.API.Controller.LogController.DownloadLog(String fileName) in C:\shinku personal\Slovakia\WebAPI\CurrencyExchange\Controller\LogController.cs:line 65
2022-11-16 12:32:34.289 +05:30	ERR	CurrencyExchange.API.Controller.LogController	Error in DownloadLog
System.IO.IOException: The process cannot access the file 'C:\shinku personal\Slovakia\WebAPI\CurrencyExchange\Files\Logs\Debug\Debug-20221116.log' because it is being used by another process.
   at Microsoft.Win32.SafeHandles.SafeFileHandle.CreateFile(String fullPath, FileMode mode, FileAccess access, FileShare share, FileOptions options)
   at Microsoft.Win32.SafeHandles.SafeFileHandle.Open(String fullPath, FileMode mode, FileAccess access, FileShare share, FileOptions options, Int64 preallocationSize)
   at System.IO.Strategies.OSFileStreamStrategy..ctor(String path, FileMode mode, FileAccess access, FileShare share, FileOptions options, Int64 preallocationSize)
   at System.IO.Strategies.FileStreamHelpers.ChooseStrategyCore(String path, FileMode mode, FileAccess access, FileShare share, FileOptions options, Int64 preallocationSize)
   at System.IO.Strategies.FileStreamHelpers.ChooseStrategy(FileStream fileStream, String path, FileMode mode, FileAccess access, FileShare share, Int32 bufferSize, FileOptions options, Int64 preallocationSize)
   at System.IO.File.OpenRead(String path)
   at CurrencyExchange.API.Controller.LogController.DownloadLog(String fileName) in C:\shinku personal\Slovakia\WebAPI\CurrencyExchange\Controller\LogController.cs:line 65
2022-11-16 12:32:34.514 +05:30	ERR	CurrencyExchange.API.Controller.LogController	Error in DownloadLog
System.IO.IOException: The process cannot access the file 'C:\shinku personal\Slovakia\WebAPI\CurrencyExchange\Files\Logs\Debug\Debug-20221116.log' because it is being used by another process.
   at Microsoft.Win32.SafeHandles.SafeFileHandle.CreateFile(String fullPath, FileMode mode, FileAccess access, FileShare share, FileOptions options)
   at Microsoft.Win32.SafeHandles.SafeFileHandle.Open(String fullPath, FileMode mode, FileAccess access, FileShare share, FileOptions options, Int64 preallocationSize)
   at System.IO.Strategies.OSFileStreamStrategy..ctor(String path, FileMode mode, FileAccess access, FileShare share, FileOptions options, Int64 preallocationSize)
   at System.IO.Strategies.FileStreamHelpers.ChooseStrategyCore(String path, FileMode mode, FileAccess access, FileShare share, FileOptions options, Int64 preallocationSize)
   at System.IO.Strategies.FileStreamHelpers.ChooseStrategy(FileStream fileStream, String path, FileMode mode, FileAccess access, FileShare share, Int32 bufferSize, FileOptions options, Int64 preallocationSize)
   at System.IO.File.OpenRead(String path)
   at CurrencyExchange.API.Controller.LogController.DownloadLog(String fileName) in C:\shinku personal\Slovakia\WebAPI\CurrencyExchange\Controller\LogController.cs:line 65
2022-11-16 12:33:35.192 +05:30	ERR	CurrencyExchange.API.Controller.LogController	Error in DownloadLog
System.IO.IOException: The process cannot access the file 'C:\shinku personal\Slovakia\WebAPI\CurrencyExchange\Files\Logs\Debug\Debug-20221116.log' because it is being used by another process.
   at Microsoft.Win32.SafeHandles.SafeFileHandle.CreateFile(String fullPath, FileMode mode, FileAccess access, FileShare share, FileOptions options)
   at Microsoft.Win32.SafeHandles.SafeFileHandle.Open(String fullPath, FileMode mode, FileAccess access, FileShare share, FileOptions options, Int64 preallocationSize)
   at System.IO.Strategies.OSFileStreamStrategy..ctor(String path, FileMode mode, FileAccess access, FileShare share, FileOptions options, Int64 preallocationSize)
   at System.IO.Strategies.FileStreamHelpers.ChooseStrategyCore(String path, FileMode mode, FileAccess access, FileShare share, FileOptions options, Int64 preallocationSize)
   at System.IO.Strategies.FileStreamHelpers.ChooseStrategy(FileStream fileStream, String path, FileMode mode, FileAccess access, FileShare share, Int32 bufferSize, FileOptions options, Int64 preallocationSize)
   at System.IO.File.OpenRead(String path)
   at CurrencyExchange.API.Controller.LogController.DownloadLog(String fileName) in C:\shinku personal\Slovakia\WebAPI\CurrencyExchange\Controller\LogController.cs:line 65
2022-11-16 12:35:06.807 +05:30	ERR	CurrencyExchange.API.Controller.LogController	Error in DownloadLog
System.IO.IOException: The process cannot access the file 'C:\shinku personal\Slovakia\WebAPI\CurrencyExchange\Files\Logs\Debug\Debug-20221116.log' because it is being used by another process.
   at Microsoft.Win32.SafeHandles.SafeFileHandle.CreateFile(String fullPath, FileMode mode, FileAccess access, FileShare share, FileOptions options)
   at Microsoft.Win32.SafeHandles.SafeFileHandle.Open(String fullPath, FileMode mode, FileAccess access, FileShare share, FileOptions options, Int64 preallocationSize)
   at System.IO.Strategies.OSFileStreamStrategy..ctor(String path, FileMode mode, FileAccess access, FileShare share, FileOptions options, Int64 preallocationSize)
   at System.IO.Strategies.FileStreamHelpers.ChooseStrategyCore(String path, FileMode mode, FileAccess access, FileShare share, FileOptions options, Int64 preallocationSize)
   at System.IO.Strategies.FileStreamHelpers.ChooseStrategy(FileStream fileStream, String path, FileMode mode, FileAccess access, FileShare share, Int32 bufferSize, FileOptions options, Int64 preallocationSize)
   at System.IO.File.OpenRead(String path)
   at CurrencyExchange.API.Controller.LogController.DownloadLog(String fileName) in C:\shinku personal\Slovakia\WebAPI\CurrencyExchange\Controller\LogController.cs:line 65
2022-11-16 12:35:28.037 +05:30	ERR	CurrencyExchange.API.Controller.LogController	Error in DownloadLog
System.IO.IOException: The process cannot access the file 'C:\shinku personal\Slovakia\WebAPI\CurrencyExchange\Files\Logs\Error\Error-20221116.log' because it is being used by another process.
   at Microsoft.Win32.SafeHandles.SafeFileHandle.CreateFile(String fullPath, FileMode mode, FileAccess access, FileShare share, FileOptions options)
   at Microsoft.Win32.SafeHandles.SafeFileHandle.Open(String fullPath, FileMode mode, FileAccess access, FileShare share, FileOptions options, Int64 preallocationSize)
   at System.IO.Strategies.OSFileStreamStrategy..ctor(String path, FileMode mode, FileAccess access, FileShare share, FileOptions options, Int64 preallocationSize)
   at System.IO.Strategies.FileStreamHelpers.ChooseStrategyCore(String path, FileMode mode, FileAccess access, FileShare share, FileOptions options, Int64 preallocationSize)
   at System.IO.Strategies.FileStreamHelpers.ChooseStrategy(FileStream fileStream, String path, FileMode mode, FileAccess access, FileShare share, Int32 bufferSize, FileOptions options, Int64 preallocationSize)
   at System.IO.File.OpenRead(String path)
   at CurrencyExchange.API.Controller.LogController.DownloadLog(String fileName) in C:\shinku personal\Slovakia\WebAPI\CurrencyExchange\Controller\LogController.cs:line 65
2022-11-16 14:29:31.182 +05:30	ERR	CurrencyExchange.API.Controller.CurrencyController	Error in ImportCurrency
Newtonsoft.Json.JsonReaderException: Unexpected character encountered while parsing value: {. Path 'motd', line 1, position 9.
   at Newtonsoft.Json.JsonTextReader.ReadStringValue(ReadType readType)
   at Newtonsoft.Json.JsonTextReader.ReadAsString()
   at Newtonsoft.Json.JsonReader.ReadForType(JsonContract contract, Boolean hasConverter)
   at Newtonsoft.Json.Serialization.JsonSerializerInternalReader.PopulateObject(Object newObject, JsonReader reader, JsonObjectContract contract, JsonProperty member, String id)
   at Newtonsoft.Json.Serialization.JsonSerializerInternalReader.CreateObject(JsonReader reader, Type objectType, JsonContract contract, JsonProperty member, JsonContainerContract containerContract, JsonProperty containerMember, Object existingValue)
   at Newtonsoft.Json.Serialization.JsonSerializerInternalReader.CreateValueInternal(JsonReader reader, Type objectType, JsonContract contract, JsonProperty member, JsonContainerContract containerContract, JsonProperty containerMember, Object existingValue)
   at Newtonsoft.Json.Serialization.JsonSerializerInternalReader.Deserialize(JsonReader reader, Type objectType, Boolean checkAdditionalContent)
   at Newtonsoft.Json.JsonSerializer.DeserializeInternal(JsonReader reader, Type objectType)
   at Newtonsoft.Json.JsonConvert.DeserializeObject(String value, Type type, JsonSerializerSettings settings)
   at Newtonsoft.Json.JsonConvert.DeserializeObject[T](String value, JsonSerializerSettings settings)
   at CurrencyExchange.APIService.CurrencyExchangeService.ImportCurrency(String passingDate) in C:\shinku personal\Slovakia\WebAPI\CurrencyExchange.APIService\CurrencyExchangeService.cs:line 45
   at CurrencyExchange.API.Controller.CurrencyController.ImportCurrency() in C:\shinku personal\Slovakia\WebAPI\CurrencyExchange\Controller\CurrencyController.cs:line 37
2022-11-16 14:33:02.046 +05:30	ERR	CurrencyExchange.API.Controller.CurrencyController	Error in ImportCurrency
Newtonsoft.Json.JsonReaderException: Unexpected character encountered while parsing value: {. Path 'motd', line 1, position 9.
   at Newtonsoft.Json.JsonTextReader.ReadStringValue(ReadType readType)
   at Newtonsoft.Json.JsonTextReader.ReadAsString()
   at Newtonsoft.Json.JsonReader.ReadForType(JsonContract contract, Boolean hasConverter)
   at Newtonsoft.Json.Serialization.JsonSerializerInternalReader.PopulateDictionary(IDictionary dictionary, JsonReader reader, JsonDictionaryContract contract, JsonProperty containerProperty, String id)
   at Newtonsoft.Json.Serialization.JsonSerializerInternalReader.CreateObject(JsonReader reader, Type objectType, JsonContract contract, JsonProperty member, JsonContainerContract containerContract, JsonProperty containerMember, Object existingValue)
   at Newtonsoft.Json.Serialization.JsonSerializerInternalReader.CreateValueInternal(JsonReader reader, Type objectType, JsonContract contract, JsonProperty member, JsonContainerContract containerContract, JsonProperty containerMember, Object existingValue)
   at Newtonsoft.Json.Serialization.JsonSerializerInternalReader.Deserialize(JsonReader reader, Type objectType, Boolean checkAdditionalContent)
   at Newtonsoft.Json.JsonSerializer.DeserializeInternal(JsonReader reader, Type objectType)
   at Newtonsoft.Json.JsonConvert.DeserializeObject(String value, Type type, JsonSerializerSettings settings)
   at Newtonsoft.Json.JsonConvert.DeserializeObject[T](String value, JsonSerializerSettings settings)
   at CurrencyExchange.APIService.CurrencyExchangeService.ImportCurrency(String passingDate) in C:\shinku personal\Slovakia\WebAPI\CurrencyExchange.APIService\CurrencyExchangeService.cs:line 47
   at CurrencyExchange.API.Controller.CurrencyController.ImportCurrency() in C:\shinku personal\Slovakia\WebAPI\CurrencyExchange\Controller\CurrencyController.cs:line 37
2022-11-16 14:55:32.952 +05:30	ERR	CurrencyExchange.API.Controller.CurrencyController	Error in ImportCurrency
Newtonsoft.Json.JsonReaderException: Unexpected character encountered while parsing value: {. Path 'motd', line 1, position 9.
   at Newtonsoft.Json.JsonTextReader.ReadStringValue(ReadType readType)
   at Newtonsoft.Json.JsonTextReader.ReadAsString()
   at Newtonsoft.Json.JsonReader.ReadForType(JsonContract contract, Boolean hasConverter)
   at Newtonsoft.Json.Serialization.JsonSerializerInternalReader.PopulateDictionary(IDictionary dictionary, JsonReader reader, JsonDictionaryContract contract, JsonProperty containerProperty, String id)
   at Newtonsoft.Json.Serialization.JsonSerializerInternalReader.CreateObject(JsonReader reader, Type objectType, JsonContract contract, JsonProperty member, JsonContainerContract containerContract, JsonProperty containerMember, Object existingValue)
   at Newtonsoft.Json.Serialization.JsonSerializerInternalReader.CreateValueInternal(JsonReader reader, Type objectType, JsonContract contract, JsonProperty member, JsonContainerContract containerContract, JsonProperty containerMember, Object existingValue)
   at Newtonsoft.Json.Serialization.JsonSerializerInternalReader.Deserialize(JsonReader reader, Type objectType, Boolean checkAdditionalContent)
   at Newtonsoft.Json.JsonSerializer.DeserializeInternal(JsonReader reader, Type objectType)
   at Newtonsoft.Json.JsonConvert.DeserializeObject(String value, Type type, JsonSerializerSettings settings)
   at Newtonsoft.Json.JsonConvert.DeserializeObject[T](String value, JsonSerializerSettings settings)
   at CurrencyExchange.APIService.CurrencyExchangeService.ImportCurrency(String passingDate) in C:\shinku personal\Slovakia\WebAPI\CurrencyExchange.APIService\CurrencyExchangeService.cs:line 47
   at CurrencyExchange.API.Controller.CurrencyController.ImportCurrency() in C:\shinku personal\Slovakia\WebAPI\CurrencyExchange\Controller\CurrencyController.cs:line 37
2022-11-16 14:57:49.060 +05:30	ERR	CurrencyExchange.API.Controller.CurrencyController	Error in ImportCurrency
Newtonsoft.Json.JsonReaderException: Unexpected character encountered while parsing value: {. Path 'motd', line 1, position 9.
   at Newtonsoft.Json.JsonTextReader.ReadStringValue(ReadType readType)
   at Newtonsoft.Json.JsonTextReader.ReadAsString()
   at Newtonsoft.Json.JsonReader.ReadForType(JsonContract contract, Boolean hasConverter)
   at Newtonsoft.Json.Serialization.JsonSerializerInternalReader.PopulateDictionary(IDictionary dictionary, JsonReader reader, JsonDictionaryContract contract, JsonProperty containerProperty, String id)
   at Newtonsoft.Json.Serialization.JsonSerializerInternalReader.CreateObject(JsonReader reader, Type objectType, JsonContract contract, JsonProperty member, JsonContainerContract containerContract, JsonProperty containerMember, Object existingValue)
   at Newtonsoft.Json.Serialization.JsonSerializerInternalReader.CreateValueInternal(JsonReader reader, Type objectType, JsonContract contract, JsonProperty member, JsonContainerContract containerContract, JsonProperty containerMember, Object existingValue)
   at Newtonsoft.Json.Serialization.JsonSerializerInternalReader.Deserialize(JsonReader reader, Type objectType, Boolean checkAdditionalContent)
   at Newtonsoft.Json.JsonSerializer.DeserializeInternal(JsonReader reader, Type objectType)
   at Newtonsoft.Json.JsonConvert.DeserializeObject(String value, Type type, JsonSerializerSettings settings)
   at Newtonsoft.Json.JsonConvert.DeserializeObject[T](String value, JsonSerializerSettings settings)
   at CurrencyExchange.APIService.CurrencyExchangeService.ImportCurrency(String passingDate) in C:\shinku personal\Slovakia\WebAPI\CurrencyExchange.APIService\CurrencyExchangeService.cs:line 47
   at CurrencyExchange.API.Controller.CurrencyController.ImportCurrency() in C:\shinku personal\Slovakia\WebAPI\CurrencyExchange\Controller\CurrencyController.cs:line 37
2022-11-16 15:10:34.209 +05:30	ERR	CurrencyExchange.API.Controller.CurrencyController	Error in ImportCurrency
System.IO.FileNotFoundException: Could not load file or assembly 'System.Web.Extensions, Version=4.0.0.0, Culture=neutral, PublicKeyToken=31bf3856ad364e35'. The system cannot find the file specified.
File name: 'System.Web.Extensions, Version=4.0.0.0, Culture=neutral, PublicKeyToken=31bf3856ad364e35'
   at System.Web.Helpers.Json.Decode(String value)
   at CurrencyExchange.APIService.CurrencyExchangeService.ImportCurrency(String passingDate) in C:\shinku personal\Slovakia\WebAPI\CurrencyExchange.APIService\CurrencyExchangeService.cs:line 49
   at CurrencyExchange.API.Controller.CurrencyController.ImportCurrency() in C:\shinku personal\Slovakia\WebAPI\CurrencyExchange\Controller\CurrencyController.cs:line 37
2022-11-16 15:12:14.691 +05:30	ERR	CurrencyExchange.API.Controller.CurrencyController	Error in ImportCurrency
System.IO.FileNotFoundException: Could not load file or assembly 'System.Web.Extensions, Version=4.0.0.0, Culture=neutral, PublicKeyToken=31bf3856ad364e35'. The system cannot find the file specified.
File name: 'System.Web.Extensions, Version=4.0.0.0, Culture=neutral, PublicKeyToken=31bf3856ad364e35'
   at System.Web.Helpers.Json.Decode(String value)
   at CurrencyExchange.APIService.CurrencyExchangeService.ImportCurrency(String passingDate)
   at CurrencyExchange.API.Controller.CurrencyController.ImportCurrency() in C:\shinku personal\Slovakia\WebAPI\CurrencyExchange\Controller\CurrencyController.cs:line 37
2022-11-16 15:16:15.656 +05:30	ERR	CurrencyExchange.API.Controller.CurrencyController	Error in ImportCurrency
Newtonsoft.Json.JsonReaderException: Unexpected character encountered while parsing value: {. Path 'motd', line 1, position 9.
   at Newtonsoft.Json.JsonTextReader.ReadStringValue(ReadType readType)
   at Newtonsoft.Json.JsonTextReader.ReadAsString()
   at Newtonsoft.Json.JsonReader.ReadForType(JsonContract contract, Boolean hasConverter)
   at Newtonsoft.Json.Serialization.JsonSerializerInternalReader.PopulateDictionary(IDictionary dictionary, JsonReader reader, JsonDictionaryContract contract, JsonProperty containerProperty, String id)
   at Newtonsoft.Json.Serialization.JsonSerializerInternalReader.CreateObject(JsonReader reader, Type objectType, JsonContract contract, JsonProperty member, JsonContainerContract containerContract, JsonProperty containerMember, Object existingValue)
   at Newtonsoft.Json.Serialization.JsonSerializerInternalReader.CreateValueInternal(JsonReader reader, Type objectType, JsonContract contract, JsonProperty member, JsonContainerContract containerContract, JsonProperty containerMember, Object existingValue)
   at Newtonsoft.Json.Serialization.JsonSerializerInternalReader.Deserialize(JsonReader reader, Type objectType, Boolean checkAdditionalContent)
   at Newtonsoft.Json.JsonSerializer.DeserializeInternal(JsonReader reader, Type objectType)
   at Newtonsoft.Json.JsonConvert.DeserializeObject(String value, Type type, JsonSerializerSettings settings)
   at Newtonsoft.Json.JsonConvert.DeserializeObject[T](String value, JsonSerializerSettings settings)
   at CurrencyExchange.APIService.CurrencyExchangeService.ImportCurrency(String passingDate)
   at CurrencyExchange.API.Controller.CurrencyController.ImportCurrency() in C:\shinku personal\Slovakia\WebAPI\CurrencyExchange\Controller\CurrencyController.cs:line 37
2022-11-16 15:18:53.136 +05:30	ERR	CurrencyExchange.API.Controller.CurrencyController	Error in ImportCurrency
Newtonsoft.Json.JsonReaderException: Unexpected character encountered while parsing value: [. Path 'motd', line 1, position 9.
   at Newtonsoft.Json.JsonTextReader.ReadStringValue(ReadType readType)
   at Newtonsoft.Json.JsonTextReader.ReadAsString()
   at Newtonsoft.Json.JsonReader.ReadForType(JsonContract contract, Boolean hasConverter)
   at Newtonsoft.Json.Serialization.JsonSerializerInternalReader.PopulateDictionary(IDictionary dictionary, JsonReader reader, JsonDictionaryContract contract, JsonProperty containerProperty, String id)
   at Newtonsoft.Json.Serialization.JsonSerializerInternalReader.CreateObject(JsonReader reader, Type objectType, JsonContract contract, JsonProperty member, JsonContainerContract containerContract, JsonProperty containerMember, Object existingValue)
   at Newtonsoft.Json.Serialization.JsonSerializerInternalReader.CreateValueInternal(JsonReader reader, Type objectType, JsonContract contract, JsonProperty member, JsonContainerContract containerContract, JsonProperty containerMember, Object existingValue)
   at Newtonsoft.Json.Serialization.JsonSerializerInternalReader.Deserialize(JsonReader reader, Type objectType, Boolean checkAdditionalContent)
   at Newtonsoft.Json.JsonSerializer.DeserializeInternal(JsonReader reader, Type objectType)
   at Newtonsoft.Json.JsonConvert.DeserializeObject(String value, Type type, JsonSerializerSettings settings)
   at Newtonsoft.Json.JsonConvert.DeserializeObject[T](String value, JsonSerializerSettings settings)
   at CurrencyExchange.APIService.CurrencyExchangeService.ImportCurrency(String passingDate)
   at CurrencyExchange.API.Controller.CurrencyController.ImportCurrency() in C:\shinku personal\Slovakia\WebAPI\CurrencyExchange\Controller\CurrencyController.cs:line 37
2022-11-16 15:27:03.787 +05:30	ERR	CurrencyExchange.API.Controller.CurrencyController	Error in ImportCurrency
Newtonsoft.Json.JsonReaderException: Unexpected character encountered while parsing value: {. Path 'motd', line 1, position 9.
   at Newtonsoft.Json.JsonTextReader.ReadStringValue(ReadType readType)
   at Newtonsoft.Json.JsonTextReader.ReadAsString()
   at Newtonsoft.Json.JsonReader.ReadForType(JsonContract contract, Boolean hasConverter)
   at Newtonsoft.Json.Serialization.JsonSerializerInternalReader.PopulateDictionary(IDictionary dictionary, JsonReader reader, JsonDictionaryContract contract, JsonProperty containerProperty, String id)
   at Newtonsoft.Json.Serialization.JsonSerializerInternalReader.CreateObject(JsonReader reader, Type objectType, JsonContract contract, JsonProperty member, JsonContainerContract containerContract, JsonProperty containerMember, Object existingValue)
   at Newtonsoft.Json.Serialization.JsonSerializerInternalReader.CreateValueInternal(JsonReader reader, Type objectType, JsonContract contract, JsonProperty member, JsonContainerContract containerContract, JsonProperty containerMember, Object existingValue)
   at Newtonsoft.Json.Serialization.JsonSerializerInternalReader.Deserialize(JsonReader reader, Type objectType, Boolean checkAdditionalContent)
   at Newtonsoft.Json.JsonSerializer.DeserializeInternal(JsonReader reader, Type objectType)
   at Newtonsoft.Json.JsonConvert.DeserializeObject(String value, Type type, JsonSerializerSettings settings)
   at Newtonsoft.Json.JsonConvert.DeserializeObject[T](String value, JsonSerializerSettings settings)
   at CurrencyExchange.APIService.CurrencyExchangeService.ImportCurrency(String passingDate)
   at CurrencyExchange.API.Controller.CurrencyController.ImportCurrency() in C:\shinku personal\Slovakia\WebAPI\CurrencyExchange\Controller\CurrencyController.cs:line 37
2022-11-16 16:43:15.302 +05:30	ERR	CurrencyExchange.API.Controller.LogController	Error in DownloadLog
System.IO.IOException: The process cannot access the file 'C:\shinku personal\Slovakia\WebAPI\CurrencyExchange\Files\Logs\Debug\Debug-20221116.log' because it is being used by another process.
   at Microsoft.Win32.SafeHandles.SafeFileHandle.CreateFile(String fullPath, FileMode mode, FileAccess access, FileShare share, FileOptions options)
   at Microsoft.Win32.SafeHandles.SafeFileHandle.Open(String fullPath, FileMode mode, FileAccess access, FileShare share, FileOptions options, Int64 preallocationSize)
   at System.IO.Strategies.OSFileStreamStrategy..ctor(String path, FileMode mode, FileAccess access, FileShare share, FileOptions options, Int64 preallocationSize)
   at System.IO.Strategies.FileStreamHelpers.ChooseStrategyCore(String path, FileMode mode, FileAccess access, FileShare share, FileOptions options, Int64 preallocationSize)
   at System.IO.Strategies.FileStreamHelpers.ChooseStrategy(FileStream fileStream, String path, FileMode mode, FileAccess access, FileShare share, Int32 bufferSize, FileOptions options, Int64 preallocationSize)
   at System.IO.File.OpenRead(String path)
   at CurrencyExchange.API.Controller.LogController.DownloadLog(String fileName) in C:\shinku personal\Slovakia\WebAPI\CurrencyExchange\Controller\LogController.cs:line 65
2022-11-16 17:41:37.308 +05:30	ERR	CurrencyExchange.API.Controller.LogController	Error in DownloadLog
System.IO.IOException: The process cannot access the file 'C:\shinku personal\Slovakia\WebAPI\CurrencyExchange\Files\Logs\Debug\Debug-20221116.log' because it is being used by another process.
   at Microsoft.Win32.SafeHandles.SafeFileHandle.CreateFile(String fullPath, FileMode mode, FileAccess access, FileShare share, FileOptions options)
   at Microsoft.Win32.SafeHandles.SafeFileHandle.Open(String fullPath, FileMode mode, FileAccess access, FileShare share, FileOptions options, Int64 preallocationSize)
   at System.IO.Strategies.OSFileStreamStrategy..ctor(String path, FileMode mode, FileAccess access, FileShare share, FileOptions options, Int64 preallocationSize)
   at System.IO.Strategies.FileStreamHelpers.ChooseStrategyCore(String path, FileMode mode, FileAccess access, FileShare share, FileOptions options, Int64 preallocationSize)
   at System.IO.Strategies.FileStreamHelpers.ChooseStrategy(FileStream fileStream, String path, FileMode mode, FileAccess access, FileShare share, Int32 bufferSize, FileOptions options, Int64 preallocationSize)
   at System.IO.File.OpenRead(String path)
   at CurrencyExchange.API.Controller.LogController.DownloadLog(String fileName) in C:\shinku personal\Slovakia\WebAPI\CurrencyExchange\Controller\LogController.cs:line 65
2022-11-16 20:56:08.680 +05:30	ERR	CurrencyExchange.API.Controller.SchedulerController	Error in ImportCurrency
System.NullReferenceException: Object reference not set to an instance of an object.
   at CurrencyExchange.APIService.CurrencyExchangeService.ImportCurrencyExchangeRate() in C:\shinku personal\Slovakia\WebAPI\CurrencyExchange.APIService\CurrencyExchangeService.cs:line 165
   at CurrencyExchange.API.Controller.SchedulerController.ImportCurrencyExchangeRate() in C:\shinku personal\Slovakia\WebAPI\CurrencyExchange\Controller\SchedulerController.cs:line 58
2022-11-16 20:56:30.914 +05:30	ERR	CurrencyExchange.API.Controller.SchedulerController	Error in ImportCurrency
System.NullReferenceException: Object reference not set to an instance of an object.
   at CurrencyExchange.APIService.CurrencyExchangeService.ImportCurrencyExchangeRate() in C:\shinku personal\Slovakia\WebAPI\CurrencyExchange.APIService\CurrencyExchangeService.cs:line 165
   at CurrencyExchange.API.Controller.SchedulerController.ImportCurrencyExchangeRate() in C:\shinku personal\Slovakia\WebAPI\CurrencyExchange\Controller\SchedulerController.cs:line 58
2022-11-16 20:56:57.047 +05:30	ERR	CurrencyExchange.API.Controller.SchedulerController	Error in ImportCurrency
System.NullReferenceException: Object reference not set to an instance of an object.
   at CurrencyExchange.APIService.CurrencyExchangeService.ImportCurrencyExchangeRate() in C:\shinku personal\Slovakia\WebAPI\CurrencyExchange.APIService\CurrencyExchangeService.cs:line 165
   at CurrencyExchange.API.Controller.SchedulerController.ImportCurrencyExchangeRate() in C:\shinku personal\Slovakia\WebAPI\CurrencyExchange\Controller\SchedulerController.cs:line 58
2022-11-16 20:57:38.638 +05:30	ERR	CurrencyExchange.API.Controller.SchedulerController	Error in ImportCurrency
System.NullReferenceException: Object reference not set to an instance of an object.
   at CurrencyExchange.APIService.CurrencyExchangeService.ImportCurrencyExchangeRate() in C:\shinku personal\Slovakia\WebAPI\CurrencyExchange.APIService\CurrencyExchangeService.cs:line 165
   at CurrencyExchange.API.Controller.SchedulerController.ImportCurrencyExchangeRate() in C:\shinku personal\Slovakia\WebAPI\CurrencyExchange\Controller\SchedulerController.cs:line 58
2022-11-16 21:01:48.029 +05:30	ERR	CurrencyExchange.API.Controller.SchedulerController	Error in ImportCurrency
System.FormatException: Input string was not in a correct format.
   at CurrencyExchange.APIService.CurrencyExchangeService.ImportCurrencyExchangeRate() in C:\shinku personal\Slovakia\WebAPI\CurrencyExchange.APIService\CurrencyExchangeService.cs:line 166
   at CurrencyExchange.API.Controller.SchedulerController.ImportCurrencyExchangeRate() in C:\shinku personal\Slovakia\WebAPI\CurrencyExchange\Controller\SchedulerController.cs:line 58
2022-11-16 21:18:12.919 +05:30	ERR	CurrencyExchange.API.Controller.SchedulerController	Error in ImportCurrency
System.FormatException: Input string was not in a correct format.
   at CurrencyExchange.APIService.CurrencyExchangeService.ImportCurrencyExchangeRate() in C:\shinku personal\Slovakia\WebAPI\CurrencyExchange.APIService\CurrencyExchangeService.cs:line 171
   at CurrencyExchange.API.Controller.SchedulerController.ImportCurrencyExchangeRate() in C:\shinku personal\Slovakia\WebAPI\CurrencyExchange\Controller\SchedulerController.cs:line 58
2022-11-16 21:19:42.099 +05:30	ERR	CurrencyExchange.API.Controller.SchedulerController	Error in ImportCurrency
System.FormatException: Input string was not in a correct format.
   at CurrencyExchange.APIService.CurrencyExchangeService.ImportCurrencyExchangeRate() in C:\shinku personal\Slovakia\WebAPI\CurrencyExchange.APIService\CurrencyExchangeService.cs:line 171
   at CurrencyExchange.API.Controller.SchedulerController.ImportCurrencyExchangeRate() in C:\shinku personal\Slovakia\WebAPI\CurrencyExchange\Controller\SchedulerController.cs:line 58
2022-11-16 21:23:46.777 +05:30	ERR	CurrencyExchange.API.Controller.SchedulerController	Error in ImportCurrency
System.FormatException: Input string was not in a correct format.
   at CurrencyExchange.APIService.CurrencyExchangeService.ImportCurrencyExchangeRate() in C:\shinku personal\Slovakia\WebAPI\CurrencyExchange.APIService\CurrencyExchangeService.cs:line 174
   at CurrencyExchange.API.Controller.SchedulerController.ImportCurrencyExchangeRate() in C:\shinku personal\Slovakia\WebAPI\CurrencyExchange\Controller\SchedulerController.cs:line 58
2022-11-16 21:29:10.595 +05:30	ERR	CurrencyExchange.API.Controller.SchedulerController	Error in ImportCurrency
System.FormatException: Input string was not in a correct format.
   at CurrencyExchange.APIService.CurrencyExchangeService.ImportCurrencyExchangeRate() in C:\shinku personal\Slovakia\WebAPI\CurrencyExchange.APIService\CurrencyExchangeService.cs:line 174
   at CurrencyExchange.API.Controller.SchedulerController.ImportCurrencyExchangeRate() in C:\shinku personal\Slovakia\WebAPI\CurrencyExchange\Controller\SchedulerController.cs:line 58
