2022-11-17 20:50:41.683 +05:30	ERR	CurrencyExchange.API.Controller.SchedulerController	Error in ImportCurrency
Microsoft.Data.SqlClient.SqlException (0x80131904): A network-related or instance-specific error occurred while establishing a connection to SQL Server. The server was not found or was not accessible. Verify that the instance name is correct and that SQL Server is configured to allow remote connections. (provider: SNI_PN11, error: 26 - Error Locating Server/Instance Specified)
   at CurrencyExchange.APIService.CurrencyExchangeService.ImportCurrency(String passingDate) in C:\shinku personal\Slovakia\WebAPI\CurrencyExchange.APIService\CurrencyExchangeService.cs:line 126
   at CurrencyExchange.API.Controller.SchedulerController.ImportCurrency() in C:\shinku personal\Slovakia\WebAPI\CurrencyExchange\Controller\SchedulerController.cs:line 30
ClientConnectionId:00000000-0000-0000-0000-000000000000
Error Number:-1,State:0,Class:20
2022-11-17 20:51:08.756 +05:30	ERR	CurrencyExchange.API.Controller.CurrencyController	Error in GetAllCurrency
Microsoft.Data.SqlClient.SqlException (0x80131904): A network-related or instance-specific error occurred while establishing a connection to SQL Server. The server was not found or was not accessible. Verify that the instance name is correct and that SQL Server is configured to allow remote connections. (provider: SNI_PN11, error: 26 - Error Locating Server/Instance Specified)
   at Microsoft.Data.SqlClient.TdsParser.ThrowExceptionAndWarning(TdsParserStateObject stateObj, Boolean callerHasConnectionLock, Boolean asyncClose)
   at Microsoft.Data.SqlClient.TdsParser.Connect(ServerInfo serverInfo, SqlInternalConnectionTds connHandler, Boolean ignoreSniOpenTimeout, Int64 timerExpire, SqlConnectionString connectionOptions, Boolean withFailover)
   at Microsoft.Data.SqlClient.SqlInternalConnectionTds.AttemptOneLogin(ServerInfo serverInfo, String newPassword, SecureString newSecurePassword, Boolean ignoreSniOpenTimeout, TimeoutTimer timeout, Boolean withFailover)
   at Microsoft.Data.SqlClient.SqlInternalConnectionTds.LoginNoFailover(ServerInfo serverInfo, String newPassword, SecureString newSecurePassword, Boolean redirectedUserInstance, SqlConnectionString connectionOptions, SqlCredential credential, TimeoutTimer timeout)
   at Microsoft.Data.SqlClient.SqlInternalConnectionTds.OpenLoginEnlist(TimeoutTimer timeout, SqlConnectionString connectionOptions, SqlCredential credential, String newPassword, SecureString newSecurePassword, Boolean redirectedUserInstance)
   at Microsoft.Data.SqlClient.SqlInternalConnectionTds..ctor(DbConnectionPoolIdentity identity, SqlConnectionString connectionOptions, SqlCredential credential, Object providerInfo, String newPassword, SecureString newSecurePassword, Boolean redirectedUserInstance, SqlConnectionString userConnectionOptions, SessionData reconnectSessionData, Boolean applyTransientFaultHandling, String accessToken, DbConnectionPool pool)
   at Microsoft.Data.SqlClient.SqlConnectionFactory.CreateConnection(DbConnectionOptions options, DbConnectionPoolKey poolKey, Object poolGroupProviderInfo, DbConnectionPool pool, DbConnection owningConnection, DbConnectionOptions userOptions)
   at Microsoft.Data.ProviderBase.DbConnectionFactory.CreatePooledConnection(DbConnectionPool pool, DbConnection owningObject, DbConnectionOptions options, DbConnectionPoolKey poolKey, DbConnectionOptions userOptions)
   at Microsoft.Data.ProviderBase.DbConnectionPool.CreateObject(DbConnection owningObject, DbConnectionOptions userOptions, DbConnectionInternal oldConnection)
   at Microsoft.Data.ProviderBase.DbConnectionPool.UserCreateRequest(DbConnection owningObject, DbConnectionOptions userOptions, DbConnectionInternal oldConnection)
   at Microsoft.Data.ProviderBase.DbConnectionPool.TryGetConnection(DbConnection owningObject, UInt32 waitForMultipleObjectsTimeout, Boolean allowCreate, Boolean onlyOneCheckConnection, DbConnectionOptions userOptions, DbConnectionInternal& connection)
   at Microsoft.Data.ProviderBase.DbConnectionPool.WaitForPendingOpen()
--- End of stack trace from previous location ---
   at Dapper.SqlMapper.QueryAsync[T](IDbConnection cnn, Type effectiveType, CommandDefinition command) in /_/Dapper/SqlMapper.Async.cs:line 417
   at CurrencyExchange.DataBaseContext.Dapper.DapperContext.QueryAsync[T](String query) in C:\shinku personal\Slovakia\WebAPI\CurrencyExchange.DataBaseContext\Dapper\DapperContext.cs:line 97
   at CurrencyExchange.Repository.CurrencyTableRepository.GetAllCurrency() in C:\shinku personal\Slovakia\WebAPI\CurrencyExchange.Repository\CurrencyTableRepository.cs:line 25
   at CurrencyExchange.APIService.CurrencyExchangeService.GetAllCurrency() in C:\shinku personal\Slovakia\WebAPI\CurrencyExchange.APIService\CurrencyExchangeService.cs:line 45
   at CurrencyExchange.API.Controller.CurrencyController.GetAllCurrency() in C:\shinku personal\Slovakia\WebAPI\CurrencyExchange\Controller\CurrencyController.cs:line 30
ClientConnectionId:00000000-0000-0000-0000-000000000000
Error Number:-1,State:0,Class:20
2022-11-17 20:52:19.234 +05:30	ERR	CurrencyExchange.API.Controller.CurrencyController	Error in GetAllCurrency
Microsoft.Data.SqlClient.SqlException (0x80131904): A network-related or instance-specific error occurred while establishing a connection to SQL Server. The server was not found or was not accessible. Verify that the instance name is correct and that SQL Server is configured to allow remote connections. (provider: SNI_PN11, error: 26 - Error Locating Server/Instance Specified)
   at Microsoft.Data.SqlClient.TdsParser.ThrowExceptionAndWarning(TdsParserStateObject stateObj, Boolean callerHasConnectionLock, Boolean asyncClose)
   at Microsoft.Data.SqlClient.TdsParser.Connect(ServerInfo serverInfo, SqlInternalConnectionTds connHandler, Boolean ignoreSniOpenTimeout, Int64 timerExpire, SqlConnectionString connectionOptions, Boolean withFailover)
   at Microsoft.Data.SqlClient.SqlInternalConnectionTds.AttemptOneLogin(ServerInfo serverInfo, String newPassword, SecureString newSecurePassword, Boolean ignoreSniOpenTimeout, TimeoutTimer timeout, Boolean withFailover)
   at Microsoft.Data.SqlClient.SqlInternalConnectionTds.LoginNoFailover(ServerInfo serverInfo, String newPassword, SecureString newSecurePassword, Boolean redirectedUserInstance, SqlConnectionString connectionOptions, SqlCredential credential, TimeoutTimer timeout)
   at Microsoft.Data.SqlClient.SqlInternalConnectionTds.OpenLoginEnlist(TimeoutTimer timeout, SqlConnectionString connectionOptions, SqlCredential credential, String newPassword, SecureString newSecurePassword, Boolean redirectedUserInstance)
   at Microsoft.Data.SqlClient.SqlInternalConnectionTds..ctor(DbConnectionPoolIdentity identity, SqlConnectionString connectionOptions, SqlCredential credential, Object providerInfo, String newPassword, SecureString newSecurePassword, Boolean redirectedUserInstance, SqlConnectionString userConnectionOptions, SessionData reconnectSessionData, Boolean applyTransientFaultHandling, String accessToken, DbConnectionPool pool)
   at Microsoft.Data.SqlClient.SqlConnectionFactory.CreateConnection(DbConnectionOptions options, DbConnectionPoolKey poolKey, Object poolGroupProviderInfo, DbConnectionPool pool, DbConnection owningConnection, DbConnectionOptions userOptions)
   at Microsoft.Data.ProviderBase.DbConnectionFactory.CreatePooledConnection(DbConnectionPool pool, DbConnection owningObject, DbConnectionOptions options, DbConnectionPoolKey poolKey, DbConnectionOptions userOptions)
   at Microsoft.Data.ProviderBase.DbConnectionPool.CreateObject(DbConnection owningObject, DbConnectionOptions userOptions, DbConnectionInternal oldConnection)
   at Microsoft.Data.ProviderBase.DbConnectionPool.UserCreateRequest(DbConnection owningObject, DbConnectionOptions userOptions, DbConnectionInternal oldConnection)
   at Microsoft.Data.ProviderBase.DbConnectionPool.TryGetConnection(DbConnection owningObject, UInt32 waitForMultipleObjectsTimeout, Boolean allowCreate, Boolean onlyOneCheckConnection, DbConnectionOptions userOptions, DbConnectionInternal& connection)
   at Microsoft.Data.ProviderBase.DbConnectionPool.WaitForPendingOpen()
--- End of stack trace from previous location ---
   at Dapper.SqlMapper.QueryAsync[T](IDbConnection cnn, Type effectiveType, CommandDefinition command) in /_/Dapper/SqlMapper.Async.cs:line 417
   at CurrencyExchange.DataBaseContext.Dapper.DapperContext.QueryAsync[T](String query) in C:\shinku personal\Slovakia\WebAPI\CurrencyExchange.DataBaseContext\Dapper\DapperContext.cs:line 97
   at CurrencyExchange.Repository.CurrencyTableRepository.GetAllCurrency() in C:\shinku personal\Slovakia\WebAPI\CurrencyExchange.Repository\CurrencyTableRepository.cs:line 25
   at CurrencyExchange.APIService.CurrencyExchangeService.GetAllCurrency() in C:\shinku personal\Slovakia\WebAPI\CurrencyExchange.APIService\CurrencyExchangeService.cs:line 45
   at CurrencyExchange.API.Controller.CurrencyController.GetAllCurrency() in C:\shinku personal\Slovakia\WebAPI\CurrencyExchange\Controller\CurrencyController.cs:line 30
ClientConnectionId:00000000-0000-0000-0000-000000000000
Error Number:-1,State:0,Class:20
2022-11-17 20:52:23.901 +05:30	ERR	CurrencyExchange.API.Controller.CurrencyController	Error in GetAllCurrency
Microsoft.Data.SqlClient.SqlException (0x80131904): A network-related or instance-specific error occurred while establishing a connection to SQL Server. The server was not found or was not accessible. Verify that the instance name is correct and that SQL Server is configured to allow remote connections. (provider: SNI_PN11, error: 26 - Error Locating Server/Instance Specified)
   at Microsoft.Data.ProviderBase.DbConnectionPool.TryGetConnection(DbConnection owningObject, UInt32 waitForMultipleObjectsTimeout, Boolean allowCreate, Boolean onlyOneCheckConnection, DbConnectionOptions userOptions, DbConnectionInternal& connection)
   at Microsoft.Data.ProviderBase.DbConnectionPool.TryGetConnection(DbConnection owningObject, TaskCompletionSource`1 retry, DbConnectionOptions userOptions, DbConnectionInternal& connection)
   at Microsoft.Data.ProviderBase.DbConnectionFactory.TryGetConnection(DbConnection owningConnection, TaskCompletionSource`1 retry, DbConnectionOptions userOptions, DbConnectionInternal oldConnection, DbConnectionInternal& connection)
   at Microsoft.Data.ProviderBase.DbConnectionInternal.TryOpenConnectionInternal(DbConnection outerConnection, DbConnectionFactory connectionFactory, TaskCompletionSource`1 retry, DbConnectionOptions userOptions)
   at Microsoft.Data.SqlClient.SqlConnection.TryOpen(TaskCompletionSource`1 retry, SqlConnectionOverrides overrides)
   at Microsoft.Data.SqlClient.SqlConnection.InternalOpenAsync(CancellationToken cancellationToken)
--- End of stack trace from previous location ---
   at Dapper.SqlMapper.QueryAsync[T](IDbConnection cnn, Type effectiveType, CommandDefinition command) in /_/Dapper/SqlMapper.Async.cs:line 417
   at CurrencyExchange.DataBaseContext.Dapper.DapperContext.QueryAsync[T](String query) in C:\shinku personal\Slovakia\WebAPI\CurrencyExchange.DataBaseContext\Dapper\DapperContext.cs:line 97
   at CurrencyExchange.Repository.CurrencyTableRepository.GetAllCurrency() in C:\shinku personal\Slovakia\WebAPI\CurrencyExchange.Repository\CurrencyTableRepository.cs:line 25
   at CurrencyExchange.APIService.CurrencyExchangeService.GetAllCurrency() in C:\shinku personal\Slovakia\WebAPI\CurrencyExchange.APIService\CurrencyExchangeService.cs:line 45
   at CurrencyExchange.API.Controller.CurrencyController.GetAllCurrency() in C:\shinku personal\Slovakia\WebAPI\CurrencyExchange\Controller\CurrencyController.cs:line 30
ClientConnectionId:00000000-0000-0000-0000-000000000000
Error Number:-1,State:0,Class:20
2022-11-17 21:01:47.648 +05:30	ERR	CurrencyExchange.API.Controller.LogController	Error in DownloadLog
System.IO.IOException: The process cannot access the file 'C:\shinku personal\Slovakia\WebAPI\CurrencyExchange\Files\Logs\Error\Error-20221117.log' because it is being used by another process.
   at Microsoft.Win32.SafeHandles.SafeFileHandle.CreateFile(String fullPath, FileMode mode, FileAccess access, FileShare share, FileOptions options)
   at Microsoft.Win32.SafeHandles.SafeFileHandle.Open(String fullPath, FileMode mode, FileAccess access, FileShare share, FileOptions options, Int64 preallocationSize)
   at System.IO.Strategies.OSFileStreamStrategy..ctor(String path, FileMode mode, FileAccess access, FileShare share, FileOptions options, Int64 preallocationSize)
   at System.IO.Strategies.FileStreamHelpers.ChooseStrategyCore(String path, FileMode mode, FileAccess access, FileShare share, FileOptions options, Int64 preallocationSize)
   at System.IO.Strategies.FileStreamHelpers.ChooseStrategy(FileStream fileStream, String path, FileMode mode, FileAccess access, FileShare share, Int32 bufferSize, FileOptions options, Int64 preallocationSize)
   at System.IO.StreamReader.ValidateArgsAndOpenPath(String path, Encoding encoding, Int32 bufferSize)
   at System.IO.File.InternalReadAllText(String path, Encoding encoding)
   at System.IO.File.ReadAllText(String path)
   at CurrencyExchange.API.Controller.LogController.DownloadLog(String fileName) in C:\shinku personal\Slovakia\WebAPI\CurrencyExchange\Controller\LogController.cs:line 65
2022-11-17 21:02:23.680 +05:30	ERR	CurrencyExchange.API.Controller.LogController	Error in DownloadLog
System.IO.IOException: The process cannot access the file 'C:\shinku personal\Slovakia\WebAPI\CurrencyExchange\Files\Logs\Error\Error-20221117.log' because it is being used by another process.
   at Microsoft.Win32.SafeHandles.SafeFileHandle.CreateFile(String fullPath, FileMode mode, FileAccess access, FileShare share, FileOptions options)
   at Microsoft.Win32.SafeHandles.SafeFileHandle.Open(String fullPath, FileMode mode, FileAccess access, FileShare share, FileOptions options, Int64 preallocationSize)
   at System.IO.Strategies.OSFileStreamStrategy..ctor(String path, FileMode mode, FileAccess access, FileShare share, FileOptions options, Int64 preallocationSize)
   at System.IO.Strategies.FileStreamHelpers.ChooseStrategyCore(String path, FileMode mode, FileAccess access, FileShare share, FileOptions options, Int64 preallocationSize)
   at System.IO.Strategies.FileStreamHelpers.ChooseStrategy(FileStream fileStream, String path, FileMode mode, FileAccess access, FileShare share, Int32 bufferSize, FileOptions options, Int64 preallocationSize)
   at System.IO.StreamReader.ValidateArgsAndOpenPath(String path, Encoding encoding, Int32 bufferSize)
   at System.IO.File.InternalReadAllText(String path, Encoding encoding)
   at System.IO.File.ReadAllText(String path)
   at CurrencyExchange.API.Controller.LogController.DownloadLog(String fileName) in C:\shinku personal\Slovakia\WebAPI\CurrencyExchange\Controller\LogController.cs:line 65
2022-11-17 21:03:03.375 +05:30	ERR	CurrencyExchange.API.Controller.LogController	Error in DownloadLog
System.IO.IOException: The process cannot access the file 'C:\shinku personal\Slovakia\WebAPI\CurrencyExchange\Files\Logs\Error\Error-20221117.log' because it is being used by another process.
   at Microsoft.Win32.SafeHandles.SafeFileHandle.CreateFile(String fullPath, FileMode mode, FileAccess access, FileShare share, FileOptions options)
   at Microsoft.Win32.SafeHandles.SafeFileHandle.Open(String fullPath, FileMode mode, FileAccess access, FileShare share, FileOptions options, Int64 preallocationSize)
   at System.IO.Strategies.OSFileStreamStrategy..ctor(String path, FileMode mode, FileAccess access, FileShare share, FileOptions options, Int64 preallocationSize)
   at System.IO.Strategies.FileStreamHelpers.ChooseStrategyCore(String path, FileMode mode, FileAccess access, FileShare share, FileOptions options, Int64 preallocationSize)
   at System.IO.Strategies.FileStreamHelpers.ChooseStrategy(FileStream fileStream, String path, FileMode mode, FileAccess access, FileShare share, Int32 bufferSize, FileOptions options, Int64 preallocationSize)
   at System.IO.StreamReader.ValidateArgsAndOpenPath(String path, Encoding encoding, Int32 bufferSize)
   at System.IO.File.InternalReadAllText(String path, Encoding encoding)
   at System.IO.File.ReadAllText(String path)
   at CurrencyExchange.API.Controller.LogController.DownloadLog(String fileName) in C:\shinku personal\Slovakia\WebAPI\CurrencyExchange\Controller\LogController.cs:line 65
2022-11-17 21:04:04.316 +05:30	ERR	CurrencyExchange.API.Controller.LogController	Error in DownloadLog
System.IO.IOException: The process cannot access the file 'C:\shinku personal\Slovakia\WebAPI\CurrencyExchange\Files\Logs\Error\Error-20221117.log' because it is being used by another process.
   at Microsoft.Win32.SafeHandles.SafeFileHandle.CreateFile(String fullPath, FileMode mode, FileAccess access, FileShare share, FileOptions options)
   at Microsoft.Win32.SafeHandles.SafeFileHandle.Open(String fullPath, FileMode mode, FileAccess access, FileShare share, FileOptions options, Int64 preallocationSize)
   at System.IO.Strategies.OSFileStreamStrategy..ctor(String path, FileMode mode, FileAccess access, FileShare share, FileOptions options, Int64 preallocationSize)
   at System.IO.Strategies.FileStreamHelpers.ChooseStrategyCore(String path, FileMode mode, FileAccess access, FileShare share, FileOptions options, Int64 preallocationSize)
   at System.IO.Strategies.FileStreamHelpers.ChooseStrategy(FileStream fileStream, String path, FileMode mode, FileAccess access, FileShare share, Int32 bufferSize, FileOptions options, Int64 preallocationSize)
   at System.IO.StreamReader.ValidateArgsAndOpenPath(String path, Encoding encoding, Int32 bufferSize)
   at System.IO.File.InternalReadAllText(String path, Encoding encoding)
   at System.IO.File.ReadAllText(String path)
   at CurrencyExchange.API.Controller.LogController.DownloadLog(String fileName) in C:\shinku personal\Slovakia\WebAPI\CurrencyExchange\Controller\LogController.cs:line 65
2022-11-17 22:33:24.279 +05:30	ERR	CurrencyExchange.API.Controller.LogController	Error in GetLogDetails
System.IO.DirectoryNotFoundException: Could not find a part of the path 'C:\shinku personal\Slovakia\TestDownLoad\WebAPI\CurrencyExchange\Files\Logs\Critical'.
   at System.IO.Enumeration.FileSystemEnumerator`1.CreateDirectoryHandle(String path, Boolean ignoreNotFound)
   at System.IO.Enumeration.FileSystemEnumerator`1.Init()
   at System.IO.Enumeration.FileSystemEnumerator`1..ctor(String directory, Boolean isNormalized, EnumerationOptions options)
   at System.IO.Enumeration.FileSystemEnumerable`1..ctor(String directory, FindTransform transform, EnumerationOptions options, Boolean isNormalized)
   at System.IO.Enumeration.FileSystemEnumerableFactory.UserFiles(String directory, String expression, EnumerationOptions options)
   at System.IO.Directory.InternalEnumeratePaths(String path, String searchPattern, SearchTarget searchTarget, EnumerationOptions options)
   at System.IO.Directory.GetFiles(String path, String searchPattern, EnumerationOptions enumerationOptions)
   at System.IO.Directory.GetFiles(String path)
   at CurrencyExchange.API.Controller.LogController.GetLogDetails() in C:\shinku personal\Slovakia\TestDownLoad\WebAPI\CurrencyExchange\Controller\LogController.cs:line 28
2022-11-17 22:35:00.997 +05:30	ERR	CurrencyExchange.API.Controller.LogController	Error in GetLogDetails
System.IO.DirectoryNotFoundException: Could not find a part of the path 'C:\shinku personal\Slovakia\TestDownLoad\WebAPI\CurrencyExchange\Files\Logs\Critical'.
   at System.IO.Enumeration.FileSystemEnumerator`1.CreateDirectoryHandle(String path, Boolean ignoreNotFound)
   at System.IO.Enumeration.FileSystemEnumerator`1.Init()
   at System.IO.Enumeration.FileSystemEnumerator`1..ctor(String directory, Boolean isNormalized, EnumerationOptions options)
   at System.IO.Enumeration.FileSystemEnumerable`1..ctor(String directory, FindTransform transform, EnumerationOptions options, Boolean isNormalized)
   at System.IO.Enumeration.FileSystemEnumerableFactory.UserFiles(String directory, String expression, EnumerationOptions options)
   at System.IO.Directory.InternalEnumeratePaths(String path, String searchPattern, SearchTarget searchTarget, EnumerationOptions options)
   at System.IO.Directory.GetFiles(String path, String searchPattern, EnumerationOptions enumerationOptions)
   at System.IO.Directory.GetFiles(String path)
   at CurrencyExchange.API.Controller.LogController.GetLogDetails() in C:\shinku personal\Slovakia\TestDownLoad\WebAPI\CurrencyExchange\Controller\LogController.cs:line 28
2022-11-17 22:36:26.114 +05:30	ERR	CurrencyExchange.API.Controller.LogController	Error in DownloadLog
System.IO.IOException: The process cannot access the file 'C:\shinku personal\Slovakia\TestDownLoad\WebAPI\CurrencyExchange\Files\Logs\Error\Error-20221117.log' because it is being used by another process.
   at Microsoft.Win32.SafeHandles.SafeFileHandle.CreateFile(String fullPath, FileMode mode, FileAccess access, FileShare share, FileOptions options)
   at Microsoft.Win32.SafeHandles.SafeFileHandle.Open(String fullPath, FileMode mode, FileAccess access, FileShare share, FileOptions options, Int64 preallocationSize)
   at System.IO.Strategies.OSFileStreamStrategy..ctor(String path, FileMode mode, FileAccess access, FileShare share, FileOptions options, Int64 preallocationSize)
   at System.IO.Strategies.FileStreamHelpers.ChooseStrategyCore(String path, FileMode mode, FileAccess access, FileShare share, FileOptions options, Int64 preallocationSize)
   at System.IO.Strategies.FileStreamHelpers.ChooseStrategy(FileStream fileStream, String path, FileMode mode, FileAccess access, FileShare share, Int32 bufferSize, FileOptions options, Int64 preallocationSize)
   at System.IO.StreamReader.ValidateArgsAndOpenPath(String path, Encoding encoding, Int32 bufferSize)
   at System.IO.StreamReader..ctor(String path, Boolean detectEncodingFromByteOrderMarks)
   at CurrencyExchange.API.Controller.LogController.DownloadLog(String fileName) in C:\shinku personal\Slovakia\TestDownLoad\WebAPI\CurrencyExchange\Controller\LogController.cs:line 66
2022-11-17 22:37:05.320 +05:30	ERR	CurrencyExchange.API.Controller.LogController	Error in DownloadLog
System.IO.IOException: The process cannot access the file 'C:\shinku personal\Slovakia\TestDownLoad\WebAPI\CurrencyExchange\Files\Logs\Error\Error-20221117.log' because it is being used by another process.
   at Microsoft.Win32.SafeHandles.SafeFileHandle.CreateFile(String fullPath, FileMode mode, FileAccess access, FileShare share, FileOptions options)
   at Microsoft.Win32.SafeHandles.SafeFileHandle.Open(String fullPath, FileMode mode, FileAccess access, FileShare share, FileOptions options, Int64 preallocationSize)
   at System.IO.Strategies.OSFileStreamStrategy..ctor(String path, FileMode mode, FileAccess access, FileShare share, FileOptions options, Int64 preallocationSize)
   at System.IO.Strategies.FileStreamHelpers.ChooseStrategyCore(String path, FileMode mode, FileAccess access, FileShare share, FileOptions options, Int64 preallocationSize)
   at System.IO.Strategies.FileStreamHelpers.ChooseStrategy(FileStream fileStream, String path, FileMode mode, FileAccess access, FileShare share, Int32 bufferSize, FileOptions options, Int64 preallocationSize)
   at System.IO.StreamReader.ValidateArgsAndOpenPath(String path, Encoding encoding, Int32 bufferSize)
   at System.IO.StreamReader..ctor(String path, Boolean detectEncodingFromByteOrderMarks)
   at CurrencyExchange.API.Controller.LogController.DownloadLog(String fileName) in C:\shinku personal\Slovakia\TestDownLoad\WebAPI\CurrencyExchange\Controller\LogController.cs:line 66
2022-11-17 22:37:46.775 +05:30	ERR	CurrencyExchange.API.Controller.LogController	Error in DownloadLog
System.IO.IOException: The process cannot access the file 'C:\shinku personal\Slovakia\TestDownLoad\WebAPI\CurrencyExchange\Files\Logs\Error\Error-20221117.log' because it is being used by another process.
   at Microsoft.Win32.SafeHandles.SafeFileHandle.CreateFile(String fullPath, FileMode mode, FileAccess access, FileShare share, FileOptions options)
   at Microsoft.Win32.SafeHandles.SafeFileHandle.Open(String fullPath, FileMode mode, FileAccess access, FileShare share, FileOptions options, Int64 preallocationSize)
   at System.IO.Strategies.OSFileStreamStrategy..ctor(String path, FileMode mode, FileAccess access, FileShare share, FileOptions options, Int64 preallocationSize)
   at System.IO.Strategies.FileStreamHelpers.ChooseStrategyCore(String path, FileMode mode, FileAccess access, FileShare share, FileOptions options, Int64 preallocationSize)
   at System.IO.Strategies.FileStreamHelpers.ChooseStrategy(FileStream fileStream, String path, FileMode mode, FileAccess access, FileShare share, Int32 bufferSize, FileOptions options, Int64 preallocationSize)
   at System.IO.StreamReader.ValidateArgsAndOpenPath(String path, Encoding encoding, Int32 bufferSize)
   at System.IO.StreamReader..ctor(String path, Boolean detectEncodingFromByteOrderMarks)
   at CurrencyExchange.API.Controller.LogController.DownloadLog(String fileName) in C:\shinku personal\Slovakia\TestDownLoad\WebAPI\CurrencyExchange\Controller\LogController.cs:line 66
2022-11-17 22:38:04.176 +05:30	ERR	CurrencyExchange.API.Controller.LogController	Error in DownloadLog
System.IO.IOException: The process cannot access the file 'C:\shinku personal\Slovakia\TestDownLoad\WebAPI\CurrencyExchange\Files\Logs\Error\Error-20221117.log' because it is being used by another process.
   at Microsoft.Win32.SafeHandles.SafeFileHandle.CreateFile(String fullPath, FileMode mode, FileAccess access, FileShare share, FileOptions options)
   at Microsoft.Win32.SafeHandles.SafeFileHandle.Open(String fullPath, FileMode mode, FileAccess access, FileShare share, FileOptions options, Int64 preallocationSize)
   at System.IO.Strategies.OSFileStreamStrategy..ctor(String path, FileMode mode, FileAccess access, FileShare share, FileOptions options, Int64 preallocationSize)
   at System.IO.Strategies.FileStreamHelpers.ChooseStrategyCore(String path, FileMode mode, FileAccess access, FileShare share, FileOptions options, Int64 preallocationSize)
   at System.IO.Strategies.FileStreamHelpers.ChooseStrategy(FileStream fileStream, String path, FileMode mode, FileAccess access, FileShare share, Int32 bufferSize, FileOptions options, Int64 preallocationSize)
   at System.IO.StreamReader.ValidateArgsAndOpenPath(String path, Encoding encoding, Int32 bufferSize)
   at System.IO.StreamReader..ctor(String path, Boolean detectEncodingFromByteOrderMarks)
   at CurrencyExchange.API.Controller.LogController.DownloadLog(String fileName) in C:\shinku personal\Slovakia\TestDownLoad\WebAPI\CurrencyExchange\Controller\LogController.cs:line 66
2022-11-17 22:38:44.204 +05:30	ERR	CurrencyExchange.API.Controller.LogController	Error in DownloadLog
System.IO.IOException: The process cannot access the file 'C:\shinku personal\Slovakia\TestDownLoad\WebAPI\CurrencyExchange\Files\Logs\Error\Error-20221117.log' because it is being used by another process.
   at Microsoft.Win32.SafeHandles.SafeFileHandle.CreateFile(String fullPath, FileMode mode, FileAccess access, FileShare share, FileOptions options)
   at Microsoft.Win32.SafeHandles.SafeFileHandle.Open(String fullPath, FileMode mode, FileAccess access, FileShare share, FileOptions options, Int64 preallocationSize)
   at System.IO.Strategies.OSFileStreamStrategy..ctor(String path, FileMode mode, FileAccess access, FileShare share, FileOptions options, Int64 preallocationSize)
   at System.IO.Strategies.FileStreamHelpers.ChooseStrategyCore(String path, FileMode mode, FileAccess access, FileShare share, FileOptions options, Int64 preallocationSize)
   at System.IO.Strategies.FileStreamHelpers.ChooseStrategy(FileStream fileStream, String path, FileMode mode, FileAccess access, FileShare share, Int32 bufferSize, FileOptions options, Int64 preallocationSize)
   at System.IO.StreamReader.ValidateArgsAndOpenPath(String path, Encoding encoding, Int32 bufferSize)
   at System.IO.StreamReader..ctor(String path, Boolean detectEncodingFromByteOrderMarks)
   at CurrencyExchange.API.Controller.LogController.DownloadLog(String fileName) in C:\shinku personal\Slovakia\TestDownLoad\WebAPI\CurrencyExchange\Controller\LogController.cs:line 66
2022-11-17 22:40:13.641 +05:30	ERR	CurrencyExchange.API.Controller.LogController	Error in DownloadLog
System.IO.IOException: The process cannot access the file 'C:\shinku personal\Slovakia\TestDownLoad\WebAPI\CurrencyExchange\Files\Logs\Error\Error-20221117.log' because it is being used by another process.
   at Microsoft.Win32.SafeHandles.SafeFileHandle.CreateFile(String fullPath, FileMode mode, FileAccess access, FileShare share, FileOptions options)
   at Microsoft.Win32.SafeHandles.SafeFileHandle.Open(String fullPath, FileMode mode, FileAccess access, FileShare share, FileOptions options, Int64 preallocationSize)
   at System.IO.Strategies.OSFileStreamStrategy..ctor(String path, FileMode mode, FileAccess access, FileShare share, FileOptions options, Int64 preallocationSize)
   at System.IO.Strategies.FileStreamHelpers.ChooseStrategyCore(String path, FileMode mode, FileAccess access, FileShare share, FileOptions options, Int64 preallocationSize)
   at System.IO.Strategies.FileStreamHelpers.ChooseStrategy(FileStream fileStream, String path, FileMode mode, FileAccess access, FileShare share, Int32 bufferSize, FileOptions options, Int64 preallocationSize)
   at System.IO.StreamReader.ValidateArgsAndOpenPath(String path, Encoding encoding, Int32 bufferSize)
   at System.IO.StreamReader..ctor(String path, Boolean detectEncodingFromByteOrderMarks)
   at CurrencyExchange.API.Controller.LogController.DownloadLog(String fileName) in C:\shinku personal\Slovakia\TestDownLoad\WebAPI\CurrencyExchange\Controller\LogController.cs:line 66
